-0.345658   0.31834   -0.259963
0.154872   0.320031   0.231866
0.0771812   -0.300975   0.257714
-0.249264   -0.303951   -0.144257
-0.220876   -0.0851189   -0.350263
0.0246794   -0.364871   0.0696298
0.181838   -0.161861   -0.360532
-0.0354581   0.33377   -0.114246
0.185514   0.43788   -0.41805
0.105625   0.396903   -0.324021
-0.210262   0.145929   -0.428873
-0.113207   -0.0879416   -0.266408
-0.201739   0.456359   -0.209154
0.482015   0.147053   -0.151772
-0.400302   -0.415884   0.478338
0.18195   -0.035516   -0.105561
-0.133852   -0.365198   0.275078
0.463663   -0.459485   -0.402574
0.481254   -0.231596   0.0556549
0.214124   -0.446725   -0.20473
0.384434   -0.495111   0.112609
-0.208782   0.499084   0.0392613
0.127119   0.168048   -0.293911
0.269554   -0.354482   -0.286989
0.069215   -0.357413   0.163735
-0.0167629   0.0553846   -0.499033
-0.179253   0.443614   -0.300598
0.225252   -0.192387   -0.276139
-0.496593   -0.431274   -0.148869
0.336242   -0.250917   0.0507108
0.485299   0.420539   -0.201575
-0.243523   0.386506   0.371892
-0.424807   -0.01154   -0.359276
-0.427456   0.0824463   0.244485
-0.10618   -0.379491   0.142172
-0.460407   -0.202968   -0.101302
-0.291315   0.473634   -0.0351045
0.123986   0.228349   0.341566
-0.0585596   -0.22673   -0.152323
0.360892   -0.279463   -0.0619283
0.0369253   -0.0214439   -0.173393
-0.423173   -0.405692   0.0263529
0.286929   -0.47076   -0.145994
0.0204907   -0.0736952   -0.251519
-0.0406296   -0.323465   -0.31955
-0.401155   -0.0577741   0.23446
-0.0679777   -0.046828   -0.30728
-0.447092   0.415935   0.0749589
0.11324   0.395615   -0.416288
-0.124535   0.49114   0.200395
0.120502   -0.333236   -0.0204112
-0.353749   -0.376254   -0.0115418
0.231411   -0.180572   -0.00314378
0.224887   0.243629   0.294702
-0.0488093   -0.289393   0.0951725
0.16927   -0.0803235   -0.199485
-0.0139716   0.408824   0.339973
-0.377511   0.36484   0.137874
0.10797   -0.139258   0.252138
-0.368958   -0.241474   -0.00582821
-0.333389   0.356037   0.0651564
-0.152363   -0.436214   -0.284094
0.325799   0.243997   0.260632
0.468038   -0.118563   -0.41066
-0.355503   0.219294   -0.052625
0.0758348   -0.0952218   -0.200429
0.00436845   -0.129833   -0.106955
-0.193974   -0.19759   -0.0324174
0.385525   -0.06658   0.0834781
-0.324219   -0.0420184   0.248284
-0.0676669   0.361618   -0.292833
-0.441195   -0.285613   -0.058207
-0.204814   -0.0488876   0.458653
0.386112   0.115082   -0.127549
0.0932222   -0.110588   -0.0567802
-0.235962   0.0407578   0.245457
-0.2832   -0.196324   -0.287601
0.388774   0.289601   0.296296
0.442476   0.322551   0.490583
-0.469053   0.196481   0.474653
0.127245   0.0101186   -0.231543
-0.120649   0.33622   0.163167
0.273039   0.365855   -0.161637
0.285235   0.472694   -0.208139
-0.278956   0.310372   -0.188603
-0.121979   -0.285029   -0.341729
-0.254993   0.4396   -0.118649
-0.309319   -0.352656   0.0562081
0.0227575   0.415524   0.232758
0.167674   -0.336566   0.0697529
-0.0740041   -0.0172067   0.477333
0.0328266   0.340915   -0.331055
-0.172017   0.0535599   0.289148
0.0939384   -0.178351   0.00635948
0.220031   -0.21273   -0.142147
0.304375   0.363962   -0.477227
0.169728   -0.114345   -0.0847501
-0.0878716   -0.164556   -0.0451666
0.0772251   0.0321101   -0.07155
-0.0678589   -0.338359   -0.0690915
-0.120488   -0.231359   0.497903
0.216883   0.244473   0.166544
0.204899   -0.448949   -0.310266
0.397308   0.136731   -0.486873
-0.0496137   -0.372255   -0.384559
-0.428305   -0.250062   -0.218837
-0.409711   0.19065   -0.179927
-0.360743   0.0189009   0.200722
