-0.282253   0.10887   -0.661798
0.377564   1.05004   1.50819
-1.52945   -1.04653   -0.0889308
1.4568   -0.0239388   0.867392
1.94673   -0.563971   -0.149658
-0.413043   1.14695   0.32385
-2.55434   0.824617   -0.545034
-1.84287   -0.544212   0.140479
-1.15679   -1.82868   0.128686
-0.533461   0.375896   0.937676
-0.581923   -0.428307   -1.4764
1.75407   -0.847453   -0.103526
1.12652   0.481486   -0.281219
0.754998   0.980993   -0.974625
1.06732   -0.271926   1.29517
2.04678   -1.73822   -0.788634
0.977395   1.06682   0.740799
-0.683946   -1.12153   -0.59055
1.62822   -0.605603   -0.496786
1.35321   -0.278217   -1.30265
1.50609   1.16596   -0.379937
0.163019   1.07394   -2.19592
0.37687   -1.81048   3.30409
-0.186132   0.668582   0.914573
1.40883   0.413443   1.23781
-0.425821   0.916471   0.102049
-0.656533   0.19783   -0.193733
0.381024   -0.245038   0.621699
-0.701334   -0.0565296   4.52989
0.250118   -1.16017   -0.448749
-0.594159   -1.3656   -0.115337
0.705663   -0.0185377   0.0176224
0.0860574   -0.618616   1.81515
-0.602437   0.523292   0.0937912
2.16895   -0.111291   -0.304883
-1.61916   -1.07142   0.311899
-0.602401   0.453989   -1.59892
0.105537   -0.342107   0.150184
-0.489569   0.21237   0.306662
1.95252   0.0129866   0.211725
-1.02124   -0.395565   0.813883
0.259564   0.313758   -0.325632
1.15244   0.176733   -0.524522
-0.339734   -0.0908813   -0.80201
-1.19182   2.12183   -0.459971
-0.823659   1.08547   0.160111
-0.198696   -1.15014   -0.267133
-1.50915   -0.540741   -1.55893
-0.358014   2.35163   0.299629
0.667673   -1.12924   -0.378155
-1.07381   -0.484909   1.03983
-2.03276   -0.12556   0.129942
-1.56803   -0.999899   -1.34953
1.33283   0.782342   0.641996
-0.889603   0.0402198   -0.637581
-0.677366   -1.4489   -1.027
0.185496   0.748307   -0.0246049
-0.534472   0.773623   2.07928
-0.643484   1.10088   0.678857
-2.23798   0.263612   -0.442511
1.24594   -2.0043   -1.45764
2.11101   -0.817641   0.180446
2.66337   -0.158414   -0.65611
-0.53331   -0.364927   1.59832
-0.60018   0.833937   1.50443
1.00846   0.110216   1.71533
0.340693   -0.505795   -1.35389
-1.15257   0.667117   0.0895253
-0.489419   -0.356839   -1.98367
-1.05616   -0.229996   0.590355
2.89974   -0.827644   -0.596436
1.79169   0.380182   -1.71138
1.70086   -0.681122   -0.331139
-0.626063   -0.101915   -0.823282
-1.36585   -0.0866923   -0.842651
0.0340784   1.4307   2.07987
1.87917   0.824919   -1.91751
-0.602097   -2.07193   -0.278014
0.257162   -0.114667   0.228246
-0.779561   -0.634054   -0.712963
-0.396238   1.27096   0.28741
-0.666039   -0.089743   1.30805
-1.4711   -0.287004   -0.359143
0.4752   -3.67321   0.107147
-0.901237   0.335342   -0.630338
0.876682   0.333233   0.358661
-1.01243   1.59667   3.81146
0.922365   -0.114989   -0.283001
-0.912087   1.53346   -0.591091
1.74271   1.81349   0.1238
0.431683   0.212095   -0.172639
0.675295   -1.85083   0.0896383
-1.95912   0.262077   -0.128404
-0.524102   0.587548   0.264432
-0.910405   -0.842881   -3.26175
-1.7779   -0.369253   -1.22384
0.281197   0.402149   -1.26337
0.0943369   0.502728   -1.32493
0.0616606   -0.672236   1.04464
-0.11363   -0.666568   1.05189
1.4109   -0.0684075   0.570087
0.670765   0.628589   -2.00122
0.655981   1.19074   -0.126996
1.91522   0.673836   1.27076
-1.04062   0.343043   1.01589
-0.51669   1.09955   0.32542
-1.98724   1.06912   1.33701
-1.38899   0.520654   -1.82944
