0 33.0499
1 28.1945
2 25.2758
3 23.3259
4 21.1366
5 19.5552
6 18.2312
7 16.7572
8 16.0089
9 15.2226
10 14.5197
11 14.0514
12 13.7084
13 13.4383
14 13.1794
15 12.95
16 12.6822
17 12.4898
18 12.3395
19 12.1577
20 12.0431
21 11.7721
22 11.4161
23 11.3693
24 11.3154
25 11.1802
26 11.0247
27 10.8612
28 10.7481
29 10.7058
30 10.6224
31 10.5212
32 10.3269
33 10.2311
34 10.179
35 10.1337
36 10.1167
37 10.1167
38 10.1167
39 10.1167
40 10.1167
41 10.1167
42 10.1167
43 10.1167
44 10.1167
45 10.1167
46 10.1167
47 10.1167
48 10.1167
49 10.1167
50 10.1167
51 10.1167
52 10.1167
53 10.1167
54 10.1167
55 10.1167
56 10.1167
57 10.1167
58 10.1167
59 10.1167
60 10.1167
61 10.1167
62 10.1167
63 10.1167
64 10.1167
65 10.1167
66 10.1167
67 10.1167
68 10.1167
69 10.1167
70 10.1167
71 10.1167
72 10.1167
73 10.1167
74 10.1167
75 10.1167
76 10.1167
77 10.1167
78 10.1167
79 10.1167
80 10.1167
81 10.1167
82 10.1167
83 10.1167
84 10.1167
85 10.1167
86 10.1167
87 10.1167
88 10.1167
89 10.1167
90 10.1167
91 10.1167
92 10.1167
93 10.1167
94 10.1167
95 10.1167
96 10.1167
97 10.1167
98 10.1167
99 10.1167
100 10.1167
101 10.1167
102 10.1167
103 10.1167
104 10.1167
105 10.1167
106 10.1167
107 10.1167
108 10.1167
109 10.1167
110 10.1167
111 10.1167
112 10.1167
113 10.1167
114 10.1167
115 10.1167
116 10.1167
117 10.1167
118 10.1167
119 10.1167
120 10.1167
121 10.1167
122 10.1167
123 10.1167
124 10.1103
125 10.103
126 10.103
127 10.103
128 10.103
129 10.103
130 10.103
131 10.103
132 10.103
133 10.103
134 10.103
135 10.103
136 10.103
137 10.103
138 10.103
139 10.103
140 10.103
141 10.103
142 10.103
143 10.103
144 10.103
145 10.103
146 10.103
147 10.103
148 10.103
149 10.103
150 10.103
151 10.103
152 10.103
153 10.103
154 10.103
155 10.103
156 10.103
157 10.103
158 10.103
159 10.103
160 10.103
161 10.103
162 10.103
163 10.103
164 10.103
165 10.103
166 10.103
167 10.103
168 10.103
169 10.103
170 10.103
171 10.103
172 10.103
173 10.103
174 10.103
175 10.103
176 10.103
177 10.103
178 10.103
179 10.103
180 10.103
181 10.103
182 10.103
183 10.103
184 10.103
185 10.103
186 10.103
187 10.103
188 10.103
189 10.103
190 10.103
191 10.103
192 10.103
193 10.103
194 10.103
195 10.103
196 10.103
197 10.103
198 10.103
199 10.103
200 10.103
201 10.103
202 10.103
203 10.103
204 10.103
205 10.103
206 10.103
207 10.103
208 10.103
209 10.103
210 10.103
211 10.103
212 10.103
213 10.103
214 10.103
215 10.103
216 10.103
217 10.103
218 10.103
219 10.103
220 10.103
221 10.103
222 10.103
223 10.103
224 10.103
225 10.103
226 10.103
227 10.103
228 10.103
229 10.103
230 10.103
231 10.103
232 10.103
233 10.103
234 10.103
235 10.103
236 10.103
237 10.103
238 10.103
239 10.103
240 10.103
241 10.103
242 10.103
243 10.103
244 10.103
245 10.103
246 10.103
247 10.103
248 10.103
249 10.103
250 10.103
251 10.103
252 10.103
253 10.103
254 10.103
255 10.103
256 10.103
257 10.103
258 10.103
259 10.103
260 10.103
261 10.103
262 10.103
263 10.103
264 10.103
265 10.103
266 10.103
267 10.103
268 10.103
269 10.103
270 10.103
271 10.103
272 10.103
273 10.103
274 10.103
275 10.103
276 10.103
277 10.103
278 10.103
279 10.103
280 10.103
281 10.103
282 10.103
283 10.103
284 10.103
285 10.103
286 10.103
287 10.103
288 10.103
289 10.103
290 10.103
291 10.103
292 10.103
293 10.103
294 10.103
295 10.103
296 10.103
297 10.103
298 10.103
299 10.103
300 10.103
301 10.103
302 10.103
303 10.103
304 10.103
305 10.103
306 10.103
307 10.103
308 10.103
309 10.103
310 10.103
311 10.103
312 10.103
313 10.103
314 10.103
315 10.103
316 10.103
317 10.103
318 10.103
319 10.103
320 10.103
321 10.103
322 10.103
323 10.103
324 10.103
325 10.103
326 10.103
327 10.103
328 10.103
329 10.103
330 10.103
331 10.103
332 10.103
333 10.103
334 10.103
335 10.103
336 10.103
337 10.103
338 10.103
339 10.103
340 10.103
341 10.103
342 10.103
343 10.103
344 10.103
345 10.103
346 10.103
347 10.103
348 10.103
349 10.103
350 10.103
351 10.103
352 10.103
353 10.103
354 10.103
355 10.103
356 10.103
357 10.103
358 10.103
359 10.103
360 10.103
361 10.103
362 10.103
363 10.103
364 10.103
365 10.103
366 10.103
367 10.103
368 10.103
369 10.103
370 10.103
371 10.103
372 10.103
373 10.103
374 10.103
375 10.103
376 10.103
377 10.103
378 10.103
379 10.103
380 10.103
381 10.103
382 10.103
383 10.103
384 10.103
385 10.103
386 10.103
387 10.103
388 10.103
389 10.103
390 10.103
391 10.103
392 10.103
393 10.103
394 10.103
395 10.103
396 10.103
397 10.103
398 10.103
399 10.103
400 10.103
401 10.103
402 10.103
403 10.103
404 10.103
405 10.103
406 10.103
407 10.103
408 10.103
409 10.103
410 10.103
411 10.103
412 10.103
413 10.103
414 10.103
415 10.103
416 10.103
417 10.103
418 10.103
419 10.103
420 10.103
421 10.103
422 10.103
423 10.103
424 10.103
425 10.103
426 10.103
427 10.103
428 10.103
429 10.103
430 10.103
431 10.103
432 10.103
433 10.103
434 10.103
435 10.103
436 10.103
437 10.103
438 10.103
439 10.103
440 10.103
441 10.103
442 10.103
443 10.103
444 10.103
445 10.103
446 10.103
447 10.103
448 10.103
449 10.103
450 10.103
451 10.103
452 10.103
453 10.103
454 10.103
455 10.103
456 10.103
457 10.103
458 10.103
459 10.103
460 10.103
461 10.103
462 10.103
463 10.103
464 10.103
465 10.103
466 10.103
467 10.103
468 10.103
469 10.103
470 10.103
471 10.103
472 10.103
473 10.103
474 10.103
475 10.103
476 10.103
477 10.103
478 10.103
479 10.103
480 10.103
481 10.103
482 10.103
483 10.103
484 10.103
485 10.103
486 10.103
487 10.103
488 10.103
489 10.103
490 10.103
491 10.103
492 10.103
493 10.103
494 10.103
495 10.103
496 10.103
497 10.103
498 10.103
499 10.103
