0 1096.87
1 947.263
2 868.197
3 790.654
4 743.434
5 707.443
6 681.595
7 661.356
8 634.953
9 605.882
10 572.864
11 542.414
12 529.846
13 513.599
14 489.883
15 475.599
16 467.533
17 448.81
18 436.126
19 431.251
20 425.494
21 416.504
22 410.653
23 404.653
24 401.332
25 398.305
26 393.712
27 388.685
28 384.892
29 383.228
30 380.236
31 376.235
32 369.527
33 365.309
34 362.269
35 358.672
36 356.324
37 352.691
38 351.868
39 349.339
40 346.318
41 343.74
42 342.547
43 342.263
44 342.11
45 341.683
46 341.104
47 341.104
48 341.104
49 341.1
50 340.532
51 340.03
52 340.029
53 339.911
54 339.789
55 339.69
56 339.634
57 338.739
58 337.231
59 336.042
60 335.702
61 335.702
62 335.702
63 335.702
64 335.702
65 335.702
66 335.702
67 335.702
68 335.702
69 335.702
70 335.702
71 335.702
72 335.701
73 335.343
74 334.855
75 334.855
76 334.855
77 334.855
78 334.855
79 334.855
80 334.855
81 334.855
82 334.853
83 334.515
84 334.041
85 334.041
86 334.041
87 334.041
88 334.041
89 334.041
90 334.041
91 334.041
92 334.041
93 334.041
94 334.041
95 334.041
96 334.041
97 334.04
98 333.797
99 333.476
100 333.476
101 333.476
102 333.476
103 333.469
104 332.058
105 330.131
106 330.131
107 330.131
108 330.131
109 330.131
110 330.131
111 330.131
112 330.131
113 330.131
114 330.131
115 330.131
116 330.131
117 330.131
118 330.131
119 330.131
120 330.131
121 330.131
122 330.131
123 330.131
124 330.131
125 330.131
126 330.131
127 330.131
128 330.131
129 330.131
130 330.131
131 330.131
132 330.131
133 330.131
134 330.131
135 330.131
136 330.131
137 330.131
138 330.131
139 330.131
140 330.131
141 330.131
142 330.131
143 330.131
144 330.131
145 330.131
146 330.131
147 330.131
148 330.131
149 330.131
150 330.131
151 330.131
152 330.131
153 330.131
154 330.131
155 330.131
156 330.131
157 330.131
158 330.131
159 330.131
160 330.131
161 330.131
162 330.131
163 330.131
164 330.131
165 330.131
166 330.131
167 330.131
168 330.131
169 330.131
170 330.131
171 330.131
172 330.131
173 330.131
174 330.131
175 330.131
176 330.131
177 330.131
178 330.131
179 330.131
180 330.131
181 330.131
182 330.131
183 330.131
184 330.131
185 330.131
186 330.131
187 330.131
188 330.131
189 330.131
190 330.131
191 330.131
192 330.131
193 330.131
194 330.131
195 330.131
196 330.131
197 330.131
198 330.131
199 330.131
200 330.131
201 330.131
202 330.131
203 330.131
204 330.131
205 330.131
206 330.131
207 330.131
208 330.131
209 330.131
210 330.131
211 330.131
212 330.131
213 330.131
214 330.131
215 330.131
216 330.131
217 330.131
218 330.131
219 330.131
220 330.131
221 330.131
222 330.131
223 330.131
224 330.131
225 330.131
226 330.131
227 330.131
228 330.131
229 330.131
230 330.131
231 330.131
232 330.131
233 330.131
234 330.131
235 330.131
236 330.131
237 330.131
238 330.131
239 330.131
240 330.131
241 330.131
242 330.131
243 330.131
244 330.131
245 330.131
246 330.131
247 330.131
248 330.131
249 330.131
250 330.131
251 330.131
252 330.131
253 330.131
254 330.131
255 330.131
256 330.131
257 330.131
258 330.131
259 330.131
260 330.131
261 330.131
262 330.131
263 330.131
264 330.131
265 330.131
266 330.131
267 330.131
268 330.131
269 330.131
270 330.131
271 330.131
272 330.131
273 330.131
274 330.131
275 330.131
276 330.131
277 330.131
278 330.131
279 330.131
280 330.131
281 330.131
282 330.131
283 330.131
284 330.131
285 330.131
286 330.131
287 330.131
288 330.131
289 330.131
290 330.131
291 330.131
292 330.131
293 330.131
294 330.131
295 330.131
296 330.131
297 330.131
298 330.131
299 330.131
300 330.131
301 330.131
302 330.131
303 330.131
304 330.131
305 330.131
306 330.131
307 330.131
308 330.131
309 330.131
310 330.131
311 330.131
312 330.131
313 330.131
314 330.131
315 330.131
316 330.131
317 330.131
318 330.131
319 330.131
320 330.131
321 330.131
322 330.131
323 330.131
324 330.131
325 330.131
326 330.131
327 330.131
328 330.131
329 330.131
330 330.131
331 330.131
332 330.131
333 330.131
334 330.131
335 330.131
336 330.131
337 330.131
338 330.131
339 330.131
340 330.131
341 330.131
342 330.131
343 330.131
344 330.131
345 330.131
346 330.131
347 330.131
348 330.131
349 330.131
350 330.131
351 330.131
352 330.131
353 330.131
354 330.131
355 330.131
356 330.131
357 330.131
358 330.131
359 330.131
360 330.131
361 330.131
362 330.131
363 330.131
364 330.131
365 330.131
366 330.131
367 330.131
368 330.131
369 330.131
370 330.131
371 330.131
372 330.131
373 330.131
374 330.131
375 330.131
376 330.131
377 330.131
378 330.131
379 330.131
380 330.131
381 330.131
382 330.131
383 330.131
384 330.131
385 330.131
386 330.131
387 330.131
388 330.131
389 330.131
390 330.131
391 330.131
392 330.131
393 330.131
394 330.131
395 330.131
396 330.131
397 330.131
398 330.131
399 330.131
400 330.131
401 330.131
402 330.131
403 330.131
404 330.131
405 330.131
406 330.131
407 330.131
408 330.131
409 330.131
410 330.131
411 330.131
412 330.131
413 330.131
414 330.131
415 330.131
416 330.131
417 330.131
418 330.131
419 330.131
420 330.131
421 330.131
422 330.131
423 330.131
424 330.131
425 330.131
426 330.131
427 330.131
428 330.131
429 330.131
430 330.131
431 330.131
432 330.131
433 330.131
434 330.131
435 330.131
436 330.131
437 330.131
438 330.131
439 330.131
440 330.131
441 330.131
442 330.131
443 330.131
444 330.131
445 330.131
446 330.131
447 330.131
448 330.131
449 330.131
450 330.131
451 330.131
452 330.131
453 330.131
454 330.131
455 330.131
456 330.131
457 330.131
458 330.131
459 330.131
460 330.131
461 330.131
462 330.131
463 330.131
464 330.131
465 330.131
466 330.131
467 330.131
468 330.131
469 330.131
470 330.131
471 330.131
472 330.131
473 330.131
474 330.131
475 330.131
476 330.131
477 330.131
478 330.131
479 330.131
480 330.131
481 330.131
482 330.131
483 330.131
484 330.131
485 330.131
486 330.131
487 330.131
488 330.131
489 330.131
490 330.131
491 330.131
492 330.131
493 330.131
494 330.131
495 330.131
496 330.131
497 330.131
498 330.131
499 330.131
500 330.131
501 330.131
502 330.131
503 330.131
504 330.131
505 330.131
506 330.131
507 330.131
508 330.131
509 330.131
510 330.131
511 330.131
512 330.131
513 330.131
514 330.131
515 330.131
516 330.131
517 330.131
518 330.131
519 330.131
520 330.131
521 330.131
522 330.131
523 330.131
524 330.131
525 330.131
526 330.131
527 330.131
528 330.131
529 330.131
530 330.131
531 330.131
532 330.131
533 330.131
534 330.131
535 330.131
536 330.131
537 330.131
538 330.131
539 330.131
540 330.131
541 330.131
542 330.131
543 330.131
544 330.131
545 330.131
546 330.131
547 330.131
548 330.131
549 330.131
550 330.131
551 330.131
552 330.131
553 330.131
554 330.131
555 330.131
556 330.131
557 330.131
558 330.131
559 330.131
560 330.131
561 330.131
562 330.131
563 330.131
564 330.131
565 330.131
566 330.131
567 330.131
568 330.131
569 330.131
570 330.131
571 330.131
572 330.131
573 330.131
574 330.131
575 330.131
576 330.131
577 330.131
578 330.131
579 330.131
580 330.131
581 330.131
582 330.131
583 330.131
584 330.131
585 330.131
586 330.131
587 330.131
588 330.131
589 330.131
590 330.131
591 330.131
592 330.131
593 330.131
594 330.131
595 330.131
596 330.131
597 330.131
598 330.131
599 330.131
600 330.131
601 330.131
602 330.131
603 330.131
604 330.131
605 330.131
606 330.131
607 330.131
608 330.131
609 330.131
610 330.131
611 330.131
612 330.131
613 330.131
614 330.131
615 330.131
616 330.131
617 330.131
618 330.131
619 330.131
620 330.131
621 330.131
622 330.131
623 330.131
624 330.131
625 330.131
626 330.131
627 330.131
628 330.131
629 330.131
630 330.131
631 330.131
632 330.131
633 330.131
634 330.131
635 330.131
636 330.131
637 330.131
638 330.131
639 330.131
640 330.131
641 330.131
642 330.131
643 330.131
644 330.131
645 330.131
646 330.131
647 330.131
648 330.131
649 330.131
650 330.131
651 330.131
652 330.131
653 330.131
654 330.131
655 330.131
656 330.131
657 330.131
658 330.131
659 330.131
660 330.131
661 330.131
662 330.131
663 330.131
664 330.131
665 330.131
666 330.131
667 330.131
668 330.131
669 330.131
670 330.131
671 330.131
672 330.131
673 330.131
674 330.131
675 330.131
676 330.131
677 330.131
678 330.131
679 330.131
680 330.131
681 330.131
682 330.131
683 330.131
684 330.131
685 330.131
686 330.131
687 330.131
688 330.131
689 330.131
690 330.131
691 330.131
692 330.131
693 330.131
694 330.131
695 330.131
696 330.131
697 330.131
698 330.131
699 330.131
700 330.131
701 330.131
702 330.131
703 330.131
704 330.131
705 330.131
706 330.131
707 330.131
708 330.131
709 330.131
710 330.131
711 330.131
712 330.131
713 330.131
714 330.131
715 330.131
716 330.131
717 330.131
718 330.131
719 330.131
720 330.131
721 330.131
722 330.131
723 330.131
724 330.131
725 330.131
726 330.131
727 330.131
728 330.131
729 330.131
730 330.131
731 330.131
732 330.131
733 330.131
734 330.131
735 330.131
736 330.131
737 330.131
738 330.131
739 330.131
740 330.131
741 330.131
742 330.131
743 330.131
744 330.131
745 330.131
746 330.131
747 330.131
748 330.131
749 330.131
750 330.131
751 330.131
752 330.131
753 330.131
754 330.131
755 330.131
756 330.131
757 330.131
758 330.131
759 330.131
760 330.131
761 330.131
762 330.131
763 330.131
764 330.131
765 330.131
766 330.131
767 330.131
768 330.131
769 330.131
770 330.131
771 330.131
772 330.131
773 330.131
774 330.131
775 330.131
776 330.131
777 330.131
778 330.131
779 330.131
780 330.131
781 330.131
782 330.131
783 330.131
784 330.131
785 330.131
786 330.131
787 330.131
788 330.131
789 330.131
790 330.131
791 330.131
792 330.131
793 330.131
794 330.131
795 330.131
796 330.131
797 330.131
798 330.131
799 330.131
800 330.131
801 330.131
802 330.131
803 330.131
804 330.131
805 330.131
806 330.131
807 330.131
808 330.131
809 330.131
810 330.131
811 330.131
812 330.131
813 330.131
814 330.131
815 330.131
816 330.131
817 330.131
818 330.131
819 330.131
820 330.131
821 330.131
822 330.131
823 330.131
824 330.131
825 330.131
826 330.131
827 330.131
828 330.131
829 330.131
830 330.131
831 330.131
832 330.131
833 330.131
834 330.131
835 330.131
836 330.131
837 330.131
838 330.131
839 330.131
840 330.131
841 330.131
842 330.131
843 330.131
844 330.131
845 330.131
846 330.131
847 330.131
848 330.131
849 330.131
850 330.131
851 330.131
852 330.131
853 330.131
854 330.131
855 330.131
856 330.131
857 330.131
858 330.131
859 330.131
860 330.131
861 330.131
862 330.131
863 330.131
864 330.131
865 330.131
866 330.131
867 330.131
868 330.131
869 330.131
870 330.131
871 330.131
872 330.131
873 330.131
874 330.131
875 330.131
876 330.131
877 330.131
878 330.131
879 330.131
880 330.131
881 330.131
882 330.131
883 330.131
884 330.131
885 330.131
886 330.131
887 330.131
888 330.131
889 330.131
890 330.131
891 330.131
892 330.131
893 330.131
894 330.131
895 330.131
896 330.131
897 330.131
898 330.131
899 330.131
900 330.131
901 330.131
902 330.131
903 330.131
904 330.131
905 330.131
906 330.131
907 330.131
908 330.131
909 330.131
910 330.131
911 330.131
912 330.131
913 330.131
914 330.131
915 330.131
916 330.131
917 330.131
918 330.131
919 330.131
920 330.131
921 330.131
922 330.131
923 330.131
924 330.131
925 330.131
926 330.131
927 330.131
928 330.131
929 330.131
930 330.131
931 330.131
932 330.131
933 330.131
934 330.131
935 330.131
936 330.131
937 330.131
938 330.131
939 330.131
940 330.131
941 330.131
942 330.131
943 330.131
944 330.131
945 330.131
946 330.131
947 330.131
948 330.131
949 330.131
950 330.131
951 330.131
952 330.131
953 330.131
954 330.131
955 330.131
956 330.131
957 330.131
958 330.131
959 330.131
960 330.131
961 330.131
962 330.131
963 330.131
964 330.131
965 330.131
966 330.131
967 330.131
968 330.131
969 330.131
970 330.131
971 330.131
972 330.131
973 330.131
974 330.131
975 330.131
976 330.131
977 330.131
978 330.131
979 330.131
980 330.131
981 330.131
982 330.131
983 330.131
984 330.131
985 330.131
986 330.131
987 330.131
988 330.131
989 330.131
990 330.131
991 330.131
992 330.131
993 330.131
994 330.131
995 330.131
996 330.131
997 330.131
998 330.131
999 330.131
