-0.986136 -0.165937
-0.999979 -0.00641968
-0.999369 0.0355071
-0.958037 0.286645
-0.7326 0.680659
-0.704789 0.709417
-0.481473 0.876461
-0.396866 0.917877
-0.0688038 0.99763
0.110141 0.993916
0.363164 0.931725
0.487259 0.873257
0.564706 0.825292
0.715375 0.698741
0.91499 0.403477
0.997049 0.0767621
0.990595 -0.136825
0.97915 -0.203139
0.966295 -0.257438
0.927902 -0.372824
0.898818 -0.438323
0.858862 -0.512207
0.720606 -0.693345
0.524603 -0.851347
0.51612 -0.856516
0.412349 -0.911026
0.134393 -0.990928
-0.108283 -0.99412
-0.344722 -0.938705
-0.639756 -0.768578
-0.640511 -0.767949
-0.733654 -0.679523
-0.848115 -0.529813
-0.924828 -0.380386
-0.986136 -0.165937
