0 41.3466
1 34.6395
2 30.77
3 27.5329
4 25.657
5 24.0624
6 22.9376
7 21.553
8 20.352
9 19.0494
10 17.6468
11 16.8087
12 14.8813
13 13.4183
14 12.7154
15 12.0624
16 11.3896
17 10.9259
18 10.4862
19 9.95362
20 9.44546
21 9.08007
22 8.90118
23 8.25084
24 8.01571
25 7.88611
26 7.75676
27 7.61748
28 7.49977
29 7.43701
30 7.26983
31 7.05256
32 7.05252
33 7.04363
34 7.03279
35 7.03279
36 7.03279
37 7.03279
38 7.03279
39 7.03279
40 7.03279
41 7.03279
42 7.03279
43 7.03279
44 7.03279
45 7.03279
46 7.03279
47 7.03279
48 7.03279
49 7.03279
50 7.03279
51 7.03279
52 7.03279
53 7.03126
54 6.74069
55 6.26409
56 6.26409
57 6.26409
58 6.26409
59 6.26409
60 6.26409
61 6.26409
62 6.26409
63 6.26409
64 6.26409
65 6.26409
66 6.26409
67 6.26409
68 6.26409
69 6.26409
70 6.26409
71 6.26409
72 6.26409
73 6.26409
74 6.26409
75 6.26409
76 6.26409
77 6.26409
78 6.26409
79 6.26409
80 6.26409
81 6.26409
82 6.26409
83 6.26409
84 6.26409
85 6.26409
86 6.26409
87 6.26409
88 6.26409
89 6.26409
90 6.26409
91 6.26409
92 6.26409
93 6.26409
94 6.26409
95 6.26409
96 6.26409
97 6.26409
98 6.26409
99 6.26409
100 6.26409
101 6.26409
102 6.26409
103 6.26409
104 6.26409
105 6.26409
106 6.26409
107 6.26409
108 6.26409
109 6.26409
110 6.26409
111 6.26409
112 6.26409
113 6.26409
114 6.26409
115 6.26409
116 6.26409
117 6.26409
118 6.26409
119 6.26409
120 6.26409
121 6.26409
122 6.26409
123 6.26409
124 6.26409
125 6.26409
126 6.26409
127 6.26409
128 6.26409
129 6.26409
130 6.26409
131 6.26409
132 6.26409
133 6.26409
134 6.26409
135 6.26409
136 6.26409
137 6.26409
138 6.26409
139 6.26409
140 6.26409
141 6.26409
142 6.26409
143 6.26409
144 6.26409
145 6.26409
146 6.26409
147 6.26409
148 6.26409
149 6.26409
150 6.26409
151 6.26409
152 6.26409
153 6.26409
154 6.26409
155 6.26409
156 6.26409
157 6.26409
158 6.26409
159 6.26409
160 6.26409
161 6.26409
162 6.26409
163 6.26409
164 6.26409
165 6.26409
166 6.26409
167 6.26409
168 6.26409
169 6.26409
170 6.26409
171 6.26409
172 6.26409
173 6.26409
174 6.26409
175 6.26409
176 6.26409
177 6.26409
178 6.26409
179 6.26409
180 6.26409
181 6.26409
182 6.26409
183 6.26409
184 6.26409
185 6.26409
186 6.26409
187 6.26409
188 6.26409
189 6.26409
190 6.26409
191 6.26409
192 6.26409
193 6.26409
194 6.26409
195 6.26409
196 6.26409
197 6.26409
198 6.26409
199 6.26409
200 6.26409
201 6.26409
202 6.26409
203 6.26409
204 6.26409
205 6.26409
206 6.26409
207 6.26409
208 6.26409
209 6.26409
210 6.26409
211 6.26409
212 6.26409
213 6.26409
214 6.26409
215 6.26409
216 6.26409
217 6.26409
218 6.26409
219 6.26409
220 6.26409
221 6.26409
222 6.26409
223 6.26409
224 6.26409
225 6.26409
226 6.26409
227 6.26409
228 6.26409
229 6.26409
230 6.26409
231 6.26409
232 6.26409
233 6.26409
234 6.26409
235 6.26409
236 6.26409
237 6.26409
238 6.26409
239 6.26409
240 6.26409
241 6.26409
242 6.26409
243 6.26409
244 6.26409
245 6.26409
246 6.26409
247 6.26409
248 6.26409
249 6.26409
250 6.26409
251 6.26409
252 6.26409
253 6.26409
254 6.26409
255 6.26409
256 6.26409
257 6.26409
258 6.26409
259 6.26409
260 6.26409
261 6.26409
262 6.26409
263 6.26409
264 6.26409
265 6.26409
266 6.26409
267 6.26409
268 6.26409
269 6.26409
270 6.26409
271 6.26409
272 6.26409
273 6.26409
274 6.26409
275 6.26409
276 6.26409
277 6.26409
278 6.26409
279 6.26409
280 6.26409
281 6.26409
282 6.26409
283 6.26409
284 6.26409
285 6.26409
286 6.26409
287 6.26409
288 6.26409
289 6.26409
290 6.26409
291 6.26409
292 6.26409
293 6.26409
294 6.26409
295 6.26409
296 6.26409
297 6.26409
298 6.26409
299 6.26409
300 6.26409
301 6.26409
302 6.26409
303 6.26409
304 6.26409
305 6.26409
306 6.26409
307 6.26409
308 6.26409
309 6.26409
310 6.26409
311 6.26409
312 6.26409
313 6.26409
314 6.26409
315 6.26409
316 6.26409
317 6.26409
318 6.26409
319 6.26409
320 6.26409
321 6.26409
322 6.26409
323 6.26409
324 6.26409
325 6.26409
326 6.26409
327 6.26409
328 6.26409
329 6.26409
330 6.26409
331 6.26409
332 6.26409
333 6.26409
334 6.26409
335 6.26409
336 6.26409
337 6.26409
338 6.26409
339 6.26409
340 6.26409
341 6.26409
342 6.26409
343 6.26409
344 6.26409
345 6.26409
346 6.26409
347 6.26409
348 6.26409
349 6.26409
350 6.26409
351 6.26409
352 6.26409
353 6.26409
354 6.26409
355 6.26409
356 6.26409
357 6.26409
358 6.26409
359 6.26409
360 6.26409
361 6.26409
362 6.26409
363 6.26409
364 6.26409
365 6.26409
366 6.26409
367 6.26409
368 6.26409
369 6.26409
370 6.26409
371 6.26409
372 6.26409
373 6.26409
374 6.26409
375 6.26409
376 6.26409
377 6.26409
378 6.26409
379 6.26409
380 6.26409
381 6.26409
382 6.26409
383 6.26409
384 6.26409
385 6.26409
386 6.26409
387 6.26409
388 6.26409
389 6.26409
390 6.26409
391 6.26409
392 6.26409
393 6.26409
394 6.26409
395 6.26409
396 6.26409
397 6.26409
398 6.26409
399 6.26409
400 6.26409
401 6.26409
402 6.26409
403 6.26409
404 6.26409
405 6.26409
406 6.26409
407 6.26409
408 6.26409
409 6.26409
410 6.26409
411 6.26409
412 6.26409
413 6.26409
414 6.26409
415 6.26409
416 6.26409
417 6.26409
418 6.26409
419 6.26409
420 6.26409
421 6.26409
422 6.26409
423 6.26409
424 6.26409
425 6.26409
426 6.26409
427 6.26409
428 6.26409
429 6.26409
430 6.26409
431 6.26409
432 6.26409
433 6.26409
434 6.26409
435 6.26409
436 6.26409
437 6.26409
438 6.26409
439 6.26409
440 6.26409
441 6.26409
442 6.26409
443 6.26409
444 6.26409
445 6.26409
446 6.26409
447 6.26409
448 6.26409
449 6.26409
450 6.26409
451 6.26409
452 6.26409
453 6.26409
454 6.26409
455 6.26409
456 6.26409
457 6.26409
458 6.26409
459 6.26409
460 6.26409
461 6.26409
462 6.26409
463 6.26409
464 6.26409
465 6.26409
466 6.26409
467 6.26409
468 6.26409
469 6.26409
470 6.26409
471 6.26409
472 6.26409
473 6.26409
474 6.26409
475 6.26409
476 6.26409
477 6.26409
478 6.26409
479 6.26409
480 6.26409
481 6.26409
482 6.26409
483 6.26409
484 6.26409
485 6.26409
486 6.26409
487 6.26409
488 6.26409
489 6.26409
490 6.26409
491 6.26409
492 6.26409
493 6.26409
494 6.26409
495 6.26409
496 6.26409
497 6.26409
498 6.26409
499 6.26409
