-0.337985   -0.326948   -0.466377
-0.176586   -0.142815   -0.442471
-0.365869   -0.138781   -0.293184
-0.167156   -0.324245   -0.286844
-0.00823084   -0.317243   -0.45644
0.153989   -0.138588   -0.467594
-0.010631   -0.168514   -0.298102
0.173256   -0.301179   -0.272043
0.323828   -0.296575   -0.441998
0.499224   -0.155634   -0.455061
0.335644   -0.1504   -0.277322
0.486738   -0.313887   -0.283656
-0.33099   0.0183614   -0.446507
-0.158357   0.191475   -0.45407
-0.318434   0.189724   -0.297773
-0.149326   0.00892831   -0.280858
0.000730252   0.0197363   -0.446538
0.153829   0.184484   -0.432018
-0.0187602   0.201344   -0.285518
0.163269   0.00209103   -0.293019
0.32159   0.0112139   -0.449702
-0.484746   0.178779   -0.425446
0.304774   0.180473   -0.264203
0.479716   0.020189   -0.280172
-0.322172   0.359052   -0.454058
-0.169948   -0.483461   -0.444693
-0.329044   -0.484118   -0.27207
-0.173046   0.372258   -0.282627
-0.00214774   0.350918   -0.441263
0.16328   -0.48524   -0.434822
0.00975393   -0.470339   -0.26533
0.148489   0.354535   -0.257281
0.32042   0.354992   -0.425157
-0.49765   -0.499521   -0.426887
0.308437   -0.458792   -0.264737
0.487723   0.35627   -0.272777
-0.363278   -0.311172   -0.114703
-0.181   -0.16956   -0.101162
-0.349741   -0.167668   0.0609043
-0.1838   -0.33477   0.0737246
-0.00602045   -0.303789   -0.106918
0.162213   -0.145344   -0.101529
-0.0319449   -0.15914   0.0507714
0.132263   -0.313616   0.0685014
0.331092   -0.307036   -0.0985946
0.484864   -0.140837   -0.0982484
0.311401   -0.160337   0.0712249
0.479083   -0.319464   0.060123
-0.321796   0.0275554   -0.120694
-0.168231   0.174741   -0.11613
-0.328015   0.186748   0.0594355
-0.185411   0.0164755   0.0630036
-0.00561436   -0.0222397   -0.118612
0.13782   0.158573   -0.105437
-0.00778583   0.155323   0.0647661
0.157891   -0.00623634   0.0589628
0.316014   0.0204443   -0.116888
-0.498877   0.191082   -0.129942
0.326072   0.177564   0.050811
-0.492239   0.0264375   0.0547651
-0.341233   0.355611   -0.0954388
-0.170473   -0.467938   -0.110025
-0.361792   -0.490554   0.0671333
-0.170007   0.346353   0.0683064
-0.0173546   0.355338   -0.124288
0.142932   -0.490022   -0.0859971
-0.0273957   -0.487911   0.0588003
0.150172   0.340988   0.0462859
0.318778   0.351884   -0.115292
0.485059   -0.476971   -0.110053
0.324531   -0.484003   0.0614421
0.493763   0.334224   0.0659717
-0.357315   -0.340121   0.2376
-0.187165   -0.138098   0.222984
-0.337975   -0.163237   0.382714
-0.17989   -0.324289   0.381881
-0.0249652   -0.314995   0.229556
0.128122   -0.153035   0.255271
-0.0107943   -0.151031   0.40153
0.171336   -0.341557   0.381331
0.319651   -0.316067   0.227278
-0.495839   -0.155208   0.236338
0.338172   -0.156646   0.370451
0.497016   -0.338634   0.391365
-0.348499   0.0195573   0.221357
-0.18287   0.170062   0.238492
-0.344691   0.16809   0.397304
-0.179186   0.0194118   0.391226
-0.0166829   0.0115508   0.231543
0.158428   0.179055   0.216026
-0.0183368   0.183534   0.377221
0.1692   0.0262813   0.374524
0.33019   0.0319497   0.226484
0.492833   0.174216   0.223533
0.346005   0.174515   0.40301
0.495892   0.000217533   0.399876
-0.324418   0.341371   0.230793
-0.176525   0.494809   0.203286
-0.347134   -0.495893   0.383156
-0.165314   0.34233   0.384813
0.000319495   0.343893   0.213147
0.151496   -0.492195   0.19412
-0.0171927   -0.483962   0.375938
0.154917   0.349157   0.39347
0.32752   0.326962   0.223977
0.49881   -0.497702   0.228078
0.332848   0.495606   0.364536
-0.497158   0.334281   0.37934
