0.346626   -0.494633   -0.475729
-0.481422   -0.334575   -0.486825
0.378475   -0.3311   -0.327982
-0.488177   0.4777   -0.344458
-0.327375   -0.497969   -0.492404
-0.149624   -0.335213   0.498053
-0.309146   -0.333052   -0.328355
-0.142442   0.486623   -0.34212
0.0479931   -0.492378   0.481445
0.198893   -0.315253   -0.47957
0.0306668   -0.351493   -0.338319
0.187868   -0.497195   -0.324581
0.359017   -0.163873   -0.472
-0.452941   -0.000488872   -0.498508
0.374344   0.00372493   -0.316652
-0.460735   -0.174271   -0.327747
-0.308444   -0.193531   0.494273
-0.160106   0.00241762   0.495811
-0.304039   0.0139018   -0.315428
-0.156031   -0.169943   -0.333809
0.024555   -0.183563   -0.493567
0.193543   -0.0181926   -0.489405
0.0117515   -0.0208795   -0.32876
0.198411   -0.15278   -0.311673
0.36928   0.156534   -0.496534
0.4948   0.32886   0.488269
0.358406   0.328975   -0.336045
-0.470282   0.153443   -0.332338
-0.307552   0.191173   0.489785
-0.124117   0.318817   0.483313
-0.327921   0.333129   -0.340374
-0.137086   0.167967   -0.336011
0.0228225   0.140624   -0.484667
0.189033   0.322305   -0.491975
0.0468866   0.319749   -0.343104
0.189345   0.149734   -0.327894
0.357025   0.487891   -0.166593
-0.465589   -0.352013   -0.152484
0.376945   -0.359058   0.0186297
-0.465077   0.465147   0.00241528
-0.29884   0.477956   -0.140417
-0.15236   -0.309212   -0.17174
-0.300757   -0.352268   0.0284746
-0.122706   0.496965   -0.000556242
0.0175209   -0.496919   -0.178622
0.179933   -0.327845   -0.157606
0.0311155   -0.338   0.00288898
0.181472   -0.498463   -0.000129491
0.359583   -0.178698   -0.17243
-0.45985   -0.00157608   -0.170845
0.350375   -0.00852879   -0.0226269
-0.487031   -0.182424   -0.00994614
-0.311995   -0.162289   -0.176564
-0.156346   -0.0116764   -0.157337
-0.310326   -0.008566   0.00983566
-0.128405   -0.173723   0.0139438
0.0240221   -0.172966   -0.168207
0.193084   0.010124   -0.16048
0.0263412   -0.0098247   0.00331405
0.189436   -0.161508   -0.00143776
0.355182   0.166016   -0.171568
-0.478172   0.321038   -0.169567
0.378175   0.317493   -0.0025334
-0.465007   0.158143   0.0264193
-0.315248   0.185257   -0.159388
-0.122956   0.324727   -0.169035
-0.279664   0.328828   0.0158377
-0.137523   0.154219   -0.00171953
0.0293912   0.157834   -0.175777
0.193102   0.316798   -0.167054
0.0249597   0.326365   -0.0042507
0.185902   0.169157   0.00301167
0.350853   0.475578   0.172706
-0.473869   -0.324573   0.176221
0.359916   -0.339435   0.343909
-0.487905   -0.479598   0.340833
-0.291476   0.485734   0.179432
-0.128553   -0.336411   0.154077
-0.316691   -0.339983   0.336907
-0.141597   -0.490783   0.351501
0.035966   -0.494052   0.178831
0.206775   -0.323934   0.157677
0.0187076   -0.327159   0.346688
0.194447   -0.484413   0.321416
0.345799   -0.15318   0.159251
-0.45934   -0.0190328   0.159738
0.365133   -0.0110926   0.359572
-0.466624   -0.172048   0.346373
-0.302285   -0.180912   0.155091
-0.145378   0.00365623   0.154908
-0.312062   -0.00627329   0.336875
-0.147182   -0.175561   0.320941
0.0461929   -0.161777   0.170911
0.183832   0.00161889   0.17804
0.0194164   -0.0248572   0.326682
0.198645   -0.186538   0.335941
0.361839   0.152728   0.167837
-0.467136   0.334909   0.194462
0.334712   0.326152   0.351192
-0.477744   0.152531   0.316547
-0.307414   0.171079   0.182526
-0.113495   0.340858   0.164845
-0.300873   0.342418   0.342328
-0.122406   0.1698   0.33203
0.0190141   0.145954   0.169667
0.216137   0.313753   0.154895
0.0497826   0.320442   0.321208
0.195907   0.151256   0.328271
