-0.142676   0.227032   -0.146746
0.415216   0.109872   0.18731
0.416343   0.0217584   -0.495068
-0.461439   0.0396557   0.0151179
-0.459345   -0.393759   0.183307
-0.223344   0.0798895   0.375371
0.380843   0.316975   0.260816
-0.226537   -0.158331   0.267167
-0.253023   -0.207095   0.469411
0.123755   -0.391685   0.170188
-0.0230586   0.297071   -0.492716
0.457266   -0.440756   -0.398421
-0.139569   0.497819   -0.43076
0.227308   0.187154   -0.376814
-0.336264   -0.186044   0.109403
0.255271   0.443258   -0.336184
0.252211   -0.0833065   0.0724504
-0.14318   0.4168   -0.0210731
-0.0741151   0.44567   -0.202472
-0.456847   -0.129345   -0.0967933
0.249696   0.372845   -0.108265
-0.334346   -0.455494   0.034226
-0.433483   -0.223467   0.293385
-0.24524   0.0808258   -0.00354663
-0.073285   -0.312714   0.468431
0.312142   0.178592   0.0168588
-0.312378   0.427689   -0.482778
0.416039   0.206073   -0.45374
-0.313398   0.332986   0.0296955
0.170876   0.303061   0.0810332
0.470576   0.095705   -0.272779
-0.0802222   -0.359967   -0.314968
0.158323   -0.322799   0.392789
-0.056526   -0.317745   0.255234
-0.465683   0.140452   0.379369
0.136569   -0.195303   0.21112
-0.0908759   -0.0923084   0.419828
-0.148671   -0.198747   -0.0321815
0.322929   -0.339963   0.201332
0.0483291   -0.142869   0.00852581
-0.369947   0.234101   0.233128
0.337943   -0.35995   -0.168899
0.0845269   -0.249097   -0.415129
0.210819   0.138925   0.212715
0.389724   0.034354   -0.0996852
-0.459363   0.342534   -0.336231
0.0154507   0.177542   -0.271565
-0.0562937   0.0259419   -0.090011
0.242956   0.102028   0.419062
0.481172   -0.315043   0.000676621
0.411498   -0.300111   0.381274
0.434891   0.458696   -0.225961
0.333215   -0.17526   -0.10572
-0.105937   0.31058   0.272081
0.462219   -0.110432   0.123947
-0.407417   -0.401611   0.419769
0.297802   0.00627565   -0.29987
-0.183112   0.146201   0.177457
-0.343836   0.139434   -0.361687
0.194956   -0.310558   -0.00747071
0.225948   -0.181798   -0.29542
-0.0865559   0.228253   0.0392181
-0.136388   -0.379086   0.0650772
-0.216662   0.0190378   -0.204179
0.0540535   0.32682   -0.0972607
0.232646   0.138734   -0.166474
0.330748   -0.166779   -0.494737
-0.191664   0.308203   -0.352282
0.480079   0.244694   -0.106325
0.477604   0.475525   -0.00982358
0.490339   -0.258109   -0.302085
-0.237786   0.438827   0.192391
-0.358627   0.137766   -0.156162
-0.0885795   0.0954358   -0.443712
-0.394152   -0.0615696   0.402402
0.243751   0.340982   0.436072
0.33964   -0.498772   0.347198
0.00669559   -0.237444   -0.165038
-0.106905   -0.0976506   -0.357909
0.104158   -0.0731571   0.420938
0.0919926   -0.479195   -0.0256138
-0.451046   0.42685   0.270985
-0.0141579   -0.498481   0.374706
0.46651   0.391133   0.451482
0.107729   0.414687   0.24054
0.11694   0.0902985   0.0147484
0.061971   0.42017   -0.347248
0.0303511   0.0941744   0.382059
0.147993   -0.49841   0.47872
-0.257685   -0.03295   -0.460443
0.163112   -0.0552008   -0.144494
-0.432113   -0.384015   -0.170488
-0.330416   0.00892073   0.207409
0.263632   -0.358975   -0.396624
0.29124   0.440997   0.107685
-0.314587   0.241265   0.430308
-0.220145   -0.409926   0.350169
0.356639   0.279179   -0.248623
0.0960083   -0.0238491   -0.322287
-0.327056   -0.375389   -0.395459
-0.462179   -0.0942185   -0.404477
0.496313   0.321823   0.10199
-0.337524   0.400365   -0.172303
-0.240574   -0.215722   -0.26878
-0.216698   -0.437522   -0.142818
0.00440597   -0.0552537   0.199039
0.336961   -0.10688   0.288838
0.133645   -0.381677   -0.251037
