0 1093.79
1 926.692
2 858.505
3 817.083
4 772.246
5 720.055
6 691.349
7 661.991
8 628.255
9 595.518
10 574.006
11 543.628
12 522.207
13 509.022
14 499.343
15 491.198
16 479.98
17 466.628
18 454.785
19 445.156
20 435.252
21 425.98
22 418.455
23 414.851
24 408.158
25 402.618
26 396.697
27 391.512
28 387.076
29 383.642
30 378.342
31 374.258
32 373.331
33 371.181
34 367.717
35 364.274
36 361.729
37 361.346
38 359.342
39 355.54
40 351.156
41 347.496
42 341.978
43 337.25
44 333.623
45 331.388
46 328.358
47 325.627
48 324.467
49 323.781
50 322.853
51 321.953
52 320.657
53 319.86
54 319.858
55 319.404
56 318.813
57 318.495
58 317.23
59 317.122
60 317.122
61 317.122
62 317.122
63 317.122
64 317.122
65 317.122
66 317.122
67 317.122
68 317.122
69 317.122
70 317.122
71 317.122
72 317.122
73 317.122
74 317.122
75 317.122
76 317.122
77 317.122
78 317.122
79 317.122
80 317.122
81 317.122
82 317.122
83 317.122
84 317.121
85 317.009
86 316.88
87 316.838
88 316.838
89 316.838
90 316.838
91 316.838
92 316.838
93 316.838
94 316.838
95 316.838
96 316.838
97 316.838
98 316.838
99 316.838
100 316.838
101 316.838
102 316.838
103 316.838
104 316.838
105 316.838
106 316.838
107 316.838
108 316.838
109 316.838
110 316.838
111 316.838
112 316.838
113 316.838
114 316.838
115 316.838
116 316.838
117 316.838
118 316.838
119 316.838
120 316.838
121 316.838
122 316.838
123 316.838
124 316.838
125 316.838
126 316.838
127 316.838
128 316.838
129 316.838
130 316.838
131 316.838
132 316.838
133 316.838
134 316.838
135 316.838
136 316.836
137 316.321
138 315.724
139 315.724
140 315.724
141 315.724
142 315.721
143 315.091
144 314.367
145 314.367
146 314.367
147 314.367
148 314.367
149 314.367
150 314.367
151 314.367
152 314.367
153 314.367
154 314.367
155 314.367
156 314.367
157 314.367
158 314.367
159 314.367
160 314.367
161 314.367
162 314.367
163 314.367
164 314.367
165 314.367
166 314.367
167 314.367
168 314.367
169 314.367
170 314.367
171 314.367
172 314.367
173 314.367
174 314.367
175 314.367
176 314.367
177 314.367
178 314.367
179 314.367
180 314.367
181 314.367
182 314.367
183 314.367
184 314.367
185 314.367
186 314.367
187 314.367
188 314.367
189 314.367
190 314.367
191 314.367
192 314.367
193 314.367
194 314.367
195 314.367
196 314.367
197 314.367
198 314.367
199 314.367
200 314.367
201 314.367
202 314.367
203 314.367
204 314.367
205 314.367
206 314.367
207 314.367
208 314.367
209 314.367
210 314.367
211 314.367
212 314.367
213 314.367
214 314.367
215 314.367
216 314.367
217 314.367
218 314.367
219 314.367
220 314.367
221 314.367
222 314.367
223 314.367
224 314.367
225 314.367
226 314.367
227 314.367
228 314.367
229 314.367
230 314.367
231 314.367
232 314.367
233 314.367
234 314.367
235 314.367
236 314.367
237 314.367
238 314.367
239 314.367
240 314.367
241 314.367
242 314.367
243 314.367
244 314.367
245 314.367
246 314.367
247 314.367
248 314.367
249 314.367
250 314.367
251 314.367
252 314.367
253 314.367
254 314.367
255 314.367
256 314.367
257 314.367
258 314.367
259 314.367
260 314.367
261 314.367
262 314.367
263 314.367
264 314.367
265 314.367
266 314.367
267 314.367
268 314.367
269 314.367
270 314.367
271 314.367
272 314.367
273 314.367
274 314.367
275 314.367
276 314.367
277 314.367
278 314.367
279 314.367
280 314.367
281 314.367
282 314.367
283 314.367
284 314.367
285 314.367
286 314.367
287 314.367
288 314.367
289 314.367
290 314.367
291 314.367
292 314.367
293 314.367
294 314.367
295 314.367
296 314.367
297 314.367
298 314.367
299 314.367
300 314.367
301 314.367
302 314.367
303 314.367
304 314.367
305 314.367
306 314.367
307 314.367
308 314.367
309 314.367
310 314.367
311 314.367
312 314.367
313 314.367
314 314.367
315 314.367
316 314.367
317 314.367
318 314.367
319 314.367
320 314.367
321 314.367
322 314.367
323 314.367
324 314.367
325 314.367
326 314.367
327 314.367
328 314.367
329 314.367
330 314.367
331 314.367
332 314.367
333 314.367
334 314.367
335 314.367
336 314.367
337 314.367
338 314.367
339 314.367
340 314.367
341 314.367
342 314.367
343 314.367
344 314.366
345 314.222
346 314.058
347 314.058
348 314.058
349 314.058
350 314.058
351 314.058
352 314.058
353 314.058
354 314.058
355 314.058
356 314.058
357 314.058
358 314.058
359 314.058
360 314.058
361 314.058
362 314.058
363 314.058
364 314.058
365 314.058
366 314.058
367 314.058
368 314.058
369 314.058
370 314.058
371 314.058
372 314.058
373 314.058
374 314.058
375 314.058
376 314.058
377 314.058
378 314.058
379 314.058
380 314.058
381 314.058
382 314.058
383 314.058
384 314.058
385 314.058
386 314.058
387 314.057
388 313.874
389 313.59
390 313.52
391 313.52
392 313.52
393 313.52
394 313.52
395 313.52
396 313.52
397 313.52
398 313.52
399 313.52
400 313.52
401 313.52
402 313.52
403 313.52
404 313.52
405 313.52
406 313.52
407 313.52
408 313.52
409 313.52
410 313.52
411 313.52
412 313.52
413 313.52
414 313.52
415 313.52
416 313.52
417 313.52
418 313.52
419 313.52
420 313.52
421 313.52
422 313.52
423 313.52
424 313.52
425 313.52
426 313.52
427 313.52
428 313.52
429 313.52
430 313.52
431 313.52
432 313.52
433 313.52
434 313.52
435 313.52
436 313.52
437 313.52
438 313.52
439 313.52
440 313.52
441 313.52
442 313.52
443 313.52
444 313.52
445 313.52
446 313.52
447 313.52
448 313.52
449 313.52
450 313.52
451 313.52
452 313.52
453 313.52
454 313.52
455 313.52
456 313.52
457 313.52
458 313.52
459 313.52
460 313.52
461 313.52
462 313.52
463 313.52
464 313.52
465 313.52
466 313.52
467 313.52
468 313.52
469 313.52
470 313.52
471 313.52
472 313.52
473 313.52
474 313.52
475 313.52
476 313.52
477 313.52
478 313.52
479 313.52
480 313.52
481 313.52
482 313.52
483 313.52
484 313.52
485 313.52
486 313.52
487 313.52
488 313.52
489 313.52
490 313.52
491 313.52
492 313.52
493 313.52
494 313.52
495 313.52
496 313.52
497 313.52
498 313.52
499 313.52
500 313.52
501 313.52
502 313.52
503 313.52
504 313.52
505 313.52
506 313.52
507 313.52
508 313.52
509 313.52
510 313.52
511 313.52
512 313.52
513 313.52
514 313.52
515 313.52
516 313.52
517 313.52
518 313.52
519 313.52
520 313.52
521 313.52
522 313.52
523 313.52
524 313.52
525 313.52
526 313.52
527 313.52
528 313.52
529 313.52
530 313.52
531 313.52
532 313.52
533 313.52
534 313.52
535 313.52
536 313.52
537 313.52
538 313.52
539 313.52
540 313.52
541 313.52
542 313.52
543 313.52
544 313.52
545 313.52
546 313.52
547 313.52
548 313.52
549 313.52
550 313.52
551 313.52
552 313.52
553 313.52
554 313.52
555 313.52
556 313.52
557 313.52
558 313.52
559 313.52
560 313.52
561 313.52
562 313.52
563 313.52
564 313.52
565 313.52
566 313.52
567 313.52
568 313.52
569 313.52
570 313.52
571 313.52
572 313.52
573 313.52
574 313.52
575 313.52
576 313.52
577 313.52
578 313.52
579 313.52
580 313.52
581 313.52
582 313.52
583 313.52
584 313.52
585 313.52
586 313.52
587 313.52
588 313.52
589 313.52
590 313.52
591 313.52
592 313.52
593 313.52
594 313.52
595 313.52
596 313.52
597 313.52
598 313.52
599 313.52
600 313.52
601 313.52
602 313.52
603 313.52
604 313.52
605 313.52
606 313.52
607 313.52
608 313.52
609 313.52
610 313.52
611 313.52
612 313.52
613 313.52
614 313.52
615 313.52
616 313.52
617 313.52
618 313.52
619 313.52
620 313.52
621 313.52
622 313.52
623 313.52
624 313.52
625 313.52
626 313.52
627 313.52
628 313.52
629 313.52
630 313.52
631 313.52
632 313.52
633 313.52
634 313.52
635 313.52
636 313.52
637 313.52
638 313.52
639 313.52
640 313.52
641 313.52
642 313.52
643 313.52
644 313.52
645 313.52
646 313.52
647 313.52
648 313.52
649 313.52
650 313.52
651 313.52
652 313.52
653 313.52
654 313.52
655 313.52
656 313.52
657 313.52
658 313.52
659 313.52
660 313.52
661 313.52
662 313.52
663 313.52
664 313.52
665 313.52
666 313.52
667 313.52
668 313.52
669 313.52
670 313.52
671 313.52
672 313.52
673 313.52
674 313.52
675 313.52
676 313.52
677 313.52
678 313.52
679 313.52
680 313.52
681 313.52
682 313.52
683 313.52
684 313.52
685 313.52
686 313.515
687 312.16
688 310.948
689 310.948
690 310.948
691 310.948
692 310.948
693 310.948
694 310.948
695 310.948
696 310.948
697 310.948
698 310.948
699 310.948
700 310.948
701 310.948
702 310.948
703 310.948
704 310.948
705 310.948
706 310.948
707 310.948
708 310.948
709 310.948
710 310.948
711 310.948
712 310.948
713 310.948
714 310.948
715 310.948
716 310.948
717 310.948
718 310.948
719 310.948
720 310.948
721 310.948
722 310.948
723 310.948
724 310.948
725 310.948
726 310.948
727 310.948
728 310.948
729 310.948
730 310.948
731 310.948
732 310.948
733 310.948
734 310.948
735 310.948
736 310.948
737 310.948
738 310.948
739 310.948
740 310.948
741 310.948
742 310.948
743 310.948
744 310.948
745 310.948
746 310.948
747 310.948
748 310.948
749 310.948
750 310.948
751 310.948
752 310.948
753 310.948
754 310.948
755 310.948
756 310.948
757 310.948
758 310.948
759 310.948
760 310.948
761 310.948
762 310.948
763 310.948
764 310.948
765 310.948
766 310.948
767 310.948
768 310.948
769 310.948
770 310.948
771 310.948
772 310.948
773 310.948
774 310.948
775 310.948
776 310.948
777 310.948
778 310.948
779 310.948
780 310.948
781 310.948
782 310.948
783 310.948
784 310.948
785 310.948
786 310.948
787 310.948
788 310.948
789 310.948
790 310.948
791 310.948
792 310.948
793 310.948
794 310.948
795 310.948
796 310.948
797 310.948
798 310.948
799 310.948
800 310.948
801 310.948
802 310.925
803 310.903
804 310.903
805 310.903
806 310.903
807 310.903
808 310.903
809 310.903
810 310.903
811 310.903
812 310.903
813 310.903
814 310.903
815 310.903
816 310.903
817 310.903
818 310.903
819 310.903
820 310.903
821 310.903
822 310.903
823 310.903
824 310.903
825 310.903
826 310.903
827 310.903
828 310.903
829 310.903
830 310.903
831 310.903
832 310.903
833 310.903
834 310.903
835 310.903
836 310.903
837 310.903
838 310.903
839 310.903
840 310.903
841 310.903
842 310.903
843 310.903
844 310.903
845 310.903
846 310.903
847 310.903
848 310.903
849 310.903
850 310.903
851 310.903
852 310.903
853 310.903
854 310.903
855 310.903
856 310.903
857 310.903
858 310.903
859 310.903
860 310.903
861 310.903
862 310.903
863 310.903
864 310.903
865 310.903
866 310.903
867 310.903
868 310.903
869 310.903
870 310.903
871 310.903
872 310.903
873 310.903
874 310.903
875 310.903
876 310.903
877 310.903
878 310.903
879 310.903
880 310.903
881 310.903
882 310.903
883 310.903
884 310.903
885 310.903
886 310.903
887 310.903
888 310.903
889 310.903
890 310.903
891 310.903
892 310.903
893 310.903
894 310.903
895 310.903
896 310.903
897 310.903
898 310.903
899 310.903
900 310.903
901 310.903
902 310.903
903 310.903
904 310.903
905 310.903
906 310.903
907 310.903
908 310.903
909 310.903
910 310.903
911 310.903
912 310.903
913 310.903
914 310.903
915 310.903
916 310.903
917 310.903
918 310.903
919 310.903
920 310.903
921 310.903
922 310.903
923 310.903
924 310.903
925 310.903
926 310.903
927 310.903
928 310.903
929 310.903
930 310.903
931 310.903
932 310.903
933 310.903
934 310.903
935 310.903
936 310.903
937 310.903
938 310.903
939 310.903
940 310.903
941 310.903
942 310.903
943 310.903
944 310.903
945 310.903
946 310.903
947 310.903
948 310.903
949 310.903
950 310.903
951 310.903
952 310.903
953 310.903
954 310.903
955 310.903
956 310.903
957 310.903
958 310.903
959 310.903
960 310.903
961 310.903
962 310.903
963 310.903
964 310.903
965 310.903
966 310.903
967 310.903
968 310.903
969 310.903
970 310.903
971 310.903
972 310.903
973 310.903
974 310.903
975 310.903
976 310.903
977 310.903
978 310.903
979 310.903
980 310.903
981 310.903
982 310.903
983 310.903
984 310.903
985 310.903
986 310.903
987 310.903
988 310.903
989 310.903
990 310.903
991 310.903
992 310.903
993 310.903
994 310.903
995 310.903
996 310.903
997 310.903
998 310.903
999 310.903
