1 -0.460655 0
2 -0.45858 0.00207491
3 -0.462559 0.00415485
4 -0.451535 0.0114082
5 -0.449787 0.00900794
6 -0.446551 0.00803564
7 -0.446183 0.0068013
8 -0.446934 0.00593779
9 -0.448999 0.00562891
10 -0.444465 0.00677504
11 -0.445299 0.00618477
12 -0.444738 0.00567371
13 -0.444012 0.00526931
14 -0.439897 0.00638196
15 -0.438854 0.0060323
16 -0.439477 0.00567704
17 -0.44171 0.0057813
18 -0.441113 0.00548327
19 -0.441529 0.00520333
20 -0.442809 0.00509958
21 -0.443718 0.00493499
22 -0.444533 0.00477548
23 -0.444028 0.00459103
24 -0.443967 0.004396
25 -0.444169 0.00422134
26 -0.444124 0.00405598
27 -0.442755 0.00413583
28 -0.442291 0.00401231
29 -0.442235 0.00387188
30 -0.442974 0.00381292
31 -0.443241 0.00369753
32 -0.4436 0.00359807
33 -0.443537 0.0034879
34 -0.44449 0.00351534
35 -0.444691 0.0034193
36 -0.444708 0.00332301
37 -0.444405 0.00324621
38 -0.443266 0.00335855
39 -0.443074 0.00327689
40 -0.442794 0.0032062
41 -0.442943 0.00313057
42 -0.443085 0.00305844
43 -0.443102 0.00298651
44 -0.44295 0.00292178
45 -0.443169 0.00286447
46 -0.442392 0.00290732
47 -0.442631 0.00285485
48 -0.442833 0.00280205
49 -0.442859 0.00274438
50 -0.443321 0.00272836
51 -0.44293 0.00270279
52 -0.443144 0.00265899
53 -0.44309 0.0026089
54 -0.443515 0.0025951
55 -0.44371 0.00255494
56 -0.443692 0.00250897
57 -0.443846 0.00246934
58 -0.443872 0.00242654
59 -0.443428 0.0024261
60 -0.443279 0.00238997
61 -0.44342 0.00235468
62 -0.443825 0.00235161
63 -0.443721 0.00231633
64 -0.443935 0.00228993
65 -0.443839 0.00225648
66 -0.44396 0.00222535
67 -0.444043 0.00219342
68 -0.443359 0.00226633
69 -0.443593 0.00224544
70 -0.443375 0.00222383
71 -0.443361 0.00219233
72 -0.44344 0.00216312
73 -0.443886 0.00217941
74 -0.443135 0.00227714
75 -0.443659 0.00230695
76 -0.44375 0.00227821
77 -0.44383 0.00224985
78 -0.443712 0.002224
79 -0.443753 0.00219606
80 -0.443582 0.00217517
81 -0.443392 0.0021565
82 -0.443286 0.00213271
83 -0.443101 0.00211495
84 -0.443009 0.00209163
85 -0.443093 0.00206856
86 -0.443116 0.00204451
87 -0.44288 0.00203465
88 -0.442591 0.00203213
89 -0.442579 0.0020092
90 -0.442664 0.00198857
91 -0.442464 0.00197674
92 -0.442642 0.00196327
93 -0.442706 0.00194309
94 -0.442646 0.00192325
95 -0.442765 0.00190663
96 -0.442531 0.00190108
97 -0.442416 0.00188493
98 -0.442442 0.00186578
99 -0.442345 0.00184938
100 -0.442404 0.00183173
