0.1 1.35891 0 1 1
0.1 1.03657 0.0301222 1.0285 1.04554
0.3 1.08662 0.0298212 1.0601 1.01862
0.5 1.088 0.0324682 1.0601 1.01862
0.7 1.12733 0.0319245 1.04838 1.03535
0.9 1.18531 0.0339837 1.02853 1.08042
1.1 1.43628 0.0435714 1.03191 1.10094
1.3 1.30977 0.0342549 1.03191 1.10094
1.5 1.34727 0.0379258 0.999256 1.14255
1.7 1.00159 0.0363987 0.952541 1.1035
1.9 0.854267 0.0332489 0.954275 1.08277
2.1 0.982217 0.0271461 0.976769 1.08239
2.3 1.06853 0.0343999 1.01987 1.04899
2.5 1.19065 0.0398359 1.02593 1.07114
2.7 1.12031 0.0346223 1.02593 1.07114
2.9 1.1603 0.0338703 1.02593 1.07114
3.1 1.10511 0.0345416 1.02678 1.06322
3.3 1.09031 0.0293054 1.02678 1.06322
3.5 1.15004 0.028075 1.02678 1.06322
3.7 1.10829 0.0322912 1.04682 1.03065
3.9 0.993535 0.0269914 1.0765 0.987949
4.1 1.17678 0.0333063 1.09762 1.00052
4.3 1.06733 0.0317468 1.06261 1.02309
4.5 1.05404 0.0314603 1.06488 1.0141
4.7 1.22109 0.033974 1.04329 1.06249
4.9 0.930741 0.0267253 1.02341 1.03522
5.1 1.04833 0.0319362 1.01202 1.06811
5.3 1.09718 0.0310784 1.03502 1.0568
5.5 1.08438 0.0313921 1.03035 1.04821
5.7 0.995614 0.0313802 1.03658 1.02213
5.9 0.961754 0.0318204 1.03658 1.02213
6.1 1.0286 0.0327861 1.00174 1.07086
6.3 1.10586 0.0310644 1.02813 1.06088
6.5 1.13511 0.0319316 1.02813 1.06088
6.7 1.14672 0.0349115 1.02813 1.06088
6.9 1.08843 0.0286641 1.02813 1.06088
7.1 1.12655 0.0338219 1.02813 1.06088
7.3 1.16686 0.0305356 1.02813 1.06088
7.5 0.909736 0.0244024 1.02342 1.0267
7.7 0.999113 0.0345732 1.02033 1.03706
7.9 0.780174 0.0245566 0.972432 1.03184
8.1 0.833541 0.0321002 0.980261 1.05813
8.3 0.738396 0.0272455 0.943195 1.06314
8.5 0.879255 0.0293024 0.955583 1.07336
8.7 0.833844 0.0285764 0.990242 1.04343
8.9 0.868585 0.0277685 0.990242 1.04343
9.1 0.668331 0.0216694 0.99154 1.002
9.3 0.530782 0.0205247 0.9667 0.993367
9.5 0.304903 0.0196866 0.919796 0.964244
9.7 0.112466 0.0168599 0.885052 0.927905
9.9 -0.0510076 0.0139611 0.845234 0.906961
10.1 -0.151068 0.0108415 0.81794 0.860991
10.3 -0.103042 0.013003 0.817182 0.888321
10.5 -0.24125 0.00878362 0.783402 0.841629
10.7 -0.272616 0.00639518 0.812145 0.801724
10.9 -0.276286 0.00713303 0.822102 0.787388
11.1 -0.341052 0.00545778 0.782995 0.76339
11.3 -0.354924 0.00445213 0.79004 0.747791
11.5 -0.388119 0.00392899 0.769067 0.718892
11.7 -0.420044 0.00263998 0.818394 0.677925
11.9 -0.375549 0.00442052 0.797042 0.724326
12.1 -0.348044 0.00605932 0.797751 0.751918
12.3 -0.35137 0.00514145 0.812622 0.748168
12.5 -0.340062 0.00544505 0.812622 0.748168
12.7 -0.279843 0.00705157 0.828856 0.780941
12.9 -0.285158 0.00792926 0.828856 0.780941
13.1 -0.303578 0.00587668 0.781733 0.786686
13.3 -0.252898 0.00739722 0.811792 0.812269
13.5 -0.260438 0.00752565 0.79526 0.824214
13.7 -0.278554 0.00745077 0.806995 0.800275
13.9 -0.271165 0.00704485 0.772601 0.822321
14.1 -0.327359 0.00541852 0.759764 0.782919
14.3 -0.341872 0.00496431 0.746679 0.774259
14.5 -0.332603 0.00554717 0.746679 0.774259
14.7 -0.335576 0.00587381 0.788937 0.761929
14.9 -0.345353 0.00474276 0.788937 0.761929
15.1 -0.364109 0.0041648 0.7646 0.740398
15.3 -0.368379 0.00358571 0.7646 0.740398
15.5 -0.388056 0.00328693 0.720449 0.723649
15.7 -0.380338 0.00294127 0.720449 0.723649
15.9 -0.40179 0.00308842 0.745681 0.703468
16.1 -0.413472 0.00244126 0.736612 0.680437
16.3 -0.398518 0.00274159 0.707471 0.690685
16.5 -0.385233 0.0019703 0.671486 0.656187
16.7 -0.387851 0.00265748 0.691734 0.70185
16.9 -0.376869 0.00333027 0.693975 0.720754
17.1 -0.336868 0.00416403 0.653075 0.766712
17.3 -0.338956 0.00336601 0.624665 0.736555
17.5 -0.342398 0.0029288 0.61846 0.711699
17.7 -0.350658 0.00347213 0.654182 0.746522
17.9 -0.320559 0.00387952 0.616854 0.784264
18.1 -0.31459 0.00347263 0.597014 0.784316
18.3 -0.33141 0.00392206 0.632023 0.785879
18.5 -0.329358 0.00364252 0.630282 0.760324
18.7 -0.316584 0.00417721 0.590379 0.78945
18.9 -0.316637 0.00395137 0.590589 0.797106
19.1 -0.313 0.00394791 0.632834 0.817957
19.3 -0.306131 0.00447459 0.598627 0.818098
19.5 -0.291337 0.00577814 0.606686 0.845499
19.7 -0.299106 0.00505149 0.584955 0.826287
19.9 -0.295313 0.00349279 0.540171 0.792957
20.1 -0.287938 0.00487323 0.545667 0.818253
20.3 -0.294792 0.00359946 0.552764 0.782567
20.5 -0.302898 0.00391541 0.564398 0.750954
20.7 -0.30534 0.00339018 0.564398 0.750954
20.9 -0.313577 0.00311577 0.583122 0.710893
21.1 -0.334874 0.00330478 0.601992 0.728664
21.3 -0.353282 0.0023074 0.631215 0.685308
21.5 -0.372782 0.00243643 0.654363 0.668069
21.7 -0.374544 0.0023049 0.654363 0.668069
21.9 -0.373916 0.00192197 0.654363 0.668069
22.1 -0.357234 0.00300607 0.646317 0.714249
22.3 -0.366236 0.00308214 0.650886 0.685667
22.5 -0.399656 0.00183749 0.683231 0.637629
22.7 -0.409994 0.00166463 0.700734 0.612144
22.9 -0.408045 0.00189935 0.7 0.637903
23.1 -0.424985 0.00163182 0.729586 0.645897
23.3 -0.434315 0.00161591 0.752095 0.598828
23.5 -0.434018 0.0021838 0.756925 0.630597
23.7 -0.439521 0.0015806 0.756925 0.630597
23.9 -0.439236 0.00189881 0.776547 0.613179
24.1 -0.431888 0.00147313 0.741403 0.635256
24.3 -0.425104 0.00159293 0.73645 0.603397
24.5 -0.434224 0.0014881 0.763689 0.604947
24.7 -0.437788 0.00170043 0.763689 0.604947
24.9 -0.434659 0.00145185 0.752362 0.596622
25.1 -0.442341 0.00193563 0.797089 0.60132
25.3 -0.440808 0.00181021 0.797089 0.60132
25.5 -0.441028 0.0020066 0.827934 0.639515
25.7 -0.386061 0.00410715 0.874827 0.67917
25.9 -0.439792 0.00238222 0.83298 0.635004
26.1 -0.424276 0.00286642 0.836868 0.653251
26.3 -0.425696 0.00231071 0.858527 0.632126
26.5 -0.421562 0.0019189 0.867348 0.60009
26.7 -0.412088 0.00330377 0.874894 0.646449
26.9 -0.410706 0.00378628 0.874894 0.646449
27.1 -0.422586 0.00210886 0.870801 0.609049
27.3 -0.429895 0.00168392 0.828003 0.580692
27.5 -0.44337 0.00179181 0.795186 0.617485
27.7 -0.441663 0.00221106 0.795186 0.617485
27.9 -0.440455 0.00218611 0.842569 0.62274
28.1 -0.42844 0.00288238 0.834599 0.651221
28.3 -0.432086 0.00236863 0.857403 0.622711
28.5 -0.435211 0.00205788 0.840952 0.593563
28.7 -0.409819 0.00291098 0.887458 0.632788
28.9 -0.436183 0.00218666 0.850931 0.619854
29.1 -0.430312 0.00208419 0.850931 0.619854
29.3 -0.421882 0.00235242 0.874809 0.623653
29.5 -0.427906 0.00282143 0.856722 0.640563
29.7 -0.425803 0.00260306 0.856722 0.640563
29.9 -0.427931 0.00327163 0.828507 0.655558
30.1 -0.435001 0.00241427 0.846728 0.630455
30.3 -0.437136 0.00188165 0.836755 0.63302
30.5 -0.44373 0.00160467 0.808016 0.604079
30.7 -0.438221 0.0018356 0.817596 0.584973
30.9 -0.4297 0.00200351 0.82695 0.578655
31.1 -0.435263 0.00185939 0.836169 0.604022
31.3 -0.436257 0.00185903 0.836169 0.604022
31.5 -0.439847 0.00210393 0.81814 0.628057
31.7 -0.434165 0.00268233 0.827158 0.654605
31.9 -0.428666 0.00287649 0.827158 0.654605
32.1 -0.436814 0.00191813 0.778476 0.648062
32.3 -0.423584 0.00268722 0.759773 0.67702
32.5 -0.42538 0.00234081 0.746405 0.665544
32.7 -0.406531 0.00223512 0.726491 0.69311
32.9 -0.401807 0.00275755 0.726491 0.69311
33.1 -0.41797 0.00233066 0.734166 0.667356
33.3 -0.440646 0.00188064 0.771032 0.632807
33.5 -0.441511 0.00207281 0.790372 0.62553
33.7 -0.428689 0.00242371 0.792244 0.659853
33.9 -0.4346 0.00198086 0.792244 0.659853
34.1 -0.430814 0.00167341 0.751793 0.6442
34.3 -0.41925 0.00163663 0.723464 0.599808
34.5 -0.394354 0.00226263 0.690509 0.582602
34.7 -0.395347 0.00187814 0.692816 0.583853
34.9 -0.394318 0.00193518 0.692816 0.583853
35.1 -0.420144 0.0019063 0.739727 0.578737
35.3 -0.414592 0.00168867 0.707038 0.609281
35.5 -0.419456 0.00153923 0.714367 0.612251
35.7 -0.427686 0.00312278 0.75641 0.660355
35.9 -0.440964 0.00199456 0.79742 0.628815
36.1 -0.428297 0.00293983 0.837203 0.647312
36.3 -0.442457 0.00220999 0.791419 0.634546
36.5 -0.438701 0.00182842 0.769992 0.636025
36.7 -0.443292 0.00166163 0.799034 0.611617
36.9 -0.44292 0.00212842 0.835603 0.62277
37.1 -0.439936 0.00161791 0.823658 0.599365
37.3 -0.442877 0.00154196 0.789536 0.628819
37.5 -0.43918 0.00170707 0.778548 0.606584
37.7 -0.444855 0.00167482 0.778548 0.606584
37.9 -0.440246 0.00194315 0.778548 0.606584
38.1 -0.427694 0.00221222 0.736597 0.645937
38.3 -0.433848 0.00246092 0.774405 0.653756
38.5 -0.441901 0.00155081 0.770272 0.633876
38.7 -0.441022 0.00174169 0.770272 0.633876
38.9 -0.442315 0.00172484 0.817154 0.617363
39.1 -0.445636 0.00164832 0.817154 0.617363
39.3 -0.44164 0.00206672 0.789138 0.636344
39.5 -0.442572 0.00173911 0.789138 0.636344
39.7 -0.44183 0.00152201 0.789138 0.636344
39.9 -0.446386 0.00169284 0.789138 0.636344
