0 1092.76
1 942.978
2 871.729
3 806.816
4 758.19
5 727.568
6 692.499
7 661.329
8 641.755
9 626.615
10 610.275
11 595.346
12 584.054
13 578.927
14 567.52
15 543.513
16 520.478
17 503.683
18 493.619
19 487.228
20 478.13
21 467.455
22 458.294
23 453.217
24 449.001
25 444.028
26 442.387
27 440.036
28 437.12
29 434.608
30 427.536
31 422.724
32 420.791
33 417.542
34 414.164
35 412.026
36 408.399
37 405.548
38 403.674
39 400.017
40 397.494
41 395.482
42 393.115
43 388.868
44 385.489
45 382.65
46 381.03
47 379.389
48 375.589
49 371.982
50 367.764
51 364.734
52 364.433
53 363.451
54 362.437
55 361.824
56 359.411
57 355.95
58 355.95
59 355.948
60 355.471
61 354.516
62 352.88
63 350.147
64 349.541
65 348.871
66 348.174
67 347.866
68 347.591
69 347.591
70 347.591
71 347.591
72 347.591
73 347.587
74 346.5
75 345.298
76 345.294
77 344.36
78 343.28
79 343.28
80 343.28
81 343.28
82 343.28
83 343.28
84 343.28
85 343.28
86 343.28
87 343.28
88 343.28
89 343.28
90 343.28
91 343.28
92 343.28
93 343.28
94 343.28
95 343.28
96 343.278
97 342.772
98 342.121
99 342.053
100 342.053
101 342.053
102 342.053
103 342.053
104 342.053
105 342.052
106 341.909
107 339.182
108 336.753
109 336.753
110 336.753
111 336.753
112 336.745
113 334.818
114 332.779
115 332.779
116 332.779
117 332.779
118 332.779
119 332.779
120 332.779
121 332.779
122 332.779
123 332.779
124 332.779
125 332.779
126 332.779
127 332.779
128 332.779
129 332.779
130 332.779
131 332.779
132 332.779
133 332.779
134 332.779
135 332.779
136 332.779
137 332.779
138 332.779
139 332.779
140 332.779
141 332.779
142 332.779
143 332.779
144 332.779
145 332.779
146 332.779
147 332.779
148 332.779
149 332.779
150 332.779
151 332.779
152 332.779
153 332.779
154 332.779
155 332.779
156 332.779
157 332.779
158 332.779
159 332.779
160 332.779
161 332.779
162 332.779
163 332.779
164 332.779
165 332.779
166 332.779
167 332.779
168 332.779
169 332.779
170 332.779
171 332.779
172 332.779
173 332.779
174 332.779
175 332.779
176 332.779
177 332.779
178 332.779
179 332.779
180 332.779
181 332.779
182 332.779
183 332.779
184 332.779
185 332.779
186 332.779
187 332.779
188 332.779
189 332.779
190 332.779
191 332.779
192 332.779
193 332.779
194 332.779
195 332.779
196 332.779
197 332.779
198 332.779
199 332.779
200 332.779
201 332.779
202 332.779
203 332.779
204 332.779
205 332.779
206 332.779
207 332.779
208 332.779
209 332.779
210 332.779
211 332.779
212 332.779
213 332.779
214 332.779
215 332.779
216 332.779
217 332.779
218 332.779
219 332.779
220 332.779
221 332.779
222 332.779
223 332.779
224 332.779
225 332.779
226 332.779
227 332.779
228 332.779
229 332.779
230 332.779
231 332.779
232 332.779
233 332.779
234 332.779
235 332.779
236 332.779
237 332.779
238 332.779
239 332.779
240 332.779
241 332.779
242 332.779
243 332.779
244 332.779
245 332.779
246 332.779
247 332.779
248 332.779
249 332.779
250 332.779
251 332.779
252 332.779
253 332.779
254 332.779
255 332.779
256 332.779
257 332.779
258 332.779
259 332.779
260 332.779
261 332.779
262 332.779
263 332.779
264 332.779
265 332.779
266 332.779
267 332.779
268 332.779
269 332.779
270 332.779
271 332.779
272 332.779
273 332.779
274 332.779
275 332.779
276 332.779
277 332.779
278 332.779
279 332.779
280 332.779
281 332.779
282 332.779
283 332.779
284 332.779
285 332.779
286 332.779
287 332.779
288 332.779
289 332.779
290 332.779
291 332.779
292 332.779
293 332.779
294 332.779
295 332.779
296 332.779
297 332.779
298 332.779
299 332.779
300 332.779
301 332.779
302 332.779
303 332.779
304 332.779
305 332.779
306 332.779
307 332.779
308 332.779
309 332.779
310 332.779
311 332.779
312 332.779
313 332.779
314 332.779
315 332.779
316 332.779
317 332.779
318 332.779
319 332.779
320 332.779
321 332.779
322 332.779
323 332.779
324 332.779
325 332.779
326 332.779
327 332.779
328 332.779
329 332.779
330 332.779
331 332.779
332 332.779
333 332.779
334 332.779
335 332.779
336 332.779
337 332.779
338 332.779
339 332.779
340 332.779
341 332.779
342 332.779
343 332.779
344 332.779
345 332.779
346 332.779
347 332.779
348 332.779
349 332.779
350 332.779
351 332.779
352 332.779
353 332.779
354 332.779
355 332.779
356 332.779
357 332.779
358 332.779
359 332.779
360 332.779
361 332.779
362 332.779
363 332.779
364 332.779
365 332.779
366 332.779
367 332.779
368 332.779
369 332.779
370 332.779
371 332.779
372 332.779
373 332.779
374 332.779
375 332.779
376 332.779
377 332.779
378 332.779
379 332.779
380 332.779
381 332.779
382 332.779
383 332.779
384 332.779
385 332.779
386 332.779
387 332.779
388 332.779
389 332.779
390 332.779
391 332.779
392 332.779
393 332.779
394 332.779
395 332.779
396 332.779
397 332.779
398 332.779
399 332.779
400 332.779
401 332.779
402 332.779
403 332.779
404 332.779
405 332.779
406 332.779
407 332.779
408 332.779
409 332.779
410 332.779
411 332.779
412 332.779
413 332.779
414 332.779
415 332.779
416 332.779
417 332.779
418 332.779
419 332.779
420 332.779
421 332.779
422 332.779
423 332.779
424 332.779
425 332.779
426 332.779
427 332.779
428 332.779
429 332.779
430 332.779
431 332.779
432 332.779
433 332.779
434 332.779
435 332.779
436 332.779
437 332.779
438 332.779
439 332.779
440 332.779
441 332.779
442 332.779
443 332.779
444 332.779
445 332.779
446 332.779
447 332.779
448 332.779
449 332.779
450 332.779
451 332.779
452 332.779
453 332.779
454 332.779
455 332.779
456 332.779
457 332.779
458 332.779
459 332.779
460 332.779
461 332.779
462 332.779
463 332.779
464 332.779
465 332.779
466 332.779
467 332.779
468 332.779
469 332.779
470 332.779
471 332.779
472 332.779
473 332.779
474 332.779
475 332.779
476 332.779
477 332.779
478 332.779
479 332.779
480 332.779
481 332.779
482 332.779
483 332.779
484 332.779
485 332.779
486 332.779
487 332.779
488 332.779
489 332.779
490 332.779
491 332.779
492 332.779
493 332.779
494 332.779
495 332.779
496 332.779
497 332.779
498 332.779
499 332.779
500 332.779
501 332.779
502 332.779
503 332.779
504 332.779
505 332.779
506 332.779
507 332.779
508 332.779
509 332.779
510 332.779
511 332.779
512 332.779
513 332.779
514 332.779
515 332.779
516 332.779
517 332.779
518 332.779
519 332.779
520 332.779
521 332.779
522 332.779
523 332.779
524 332.779
525 332.779
526 332.779
527 332.779
528 332.779
529 332.779
530 332.779
531 332.779
532 332.779
533 332.779
534 332.779
535 332.779
536 332.779
537 332.779
538 332.779
539 332.779
540 332.779
541 332.779
542 332.779
543 332.779
544 332.779
545 332.779
546 332.779
547 332.779
548 332.779
549 332.779
550 332.779
551 332.779
552 332.779
553 332.779
554 332.779
555 332.779
556 332.779
557 332.779
558 332.779
559 332.779
560 332.779
561 332.779
562 332.779
563 332.779
564 332.779
565 332.779
566 332.779
567 332.779
568 332.779
569 332.779
570 332.779
571 332.779
572 332.779
573 332.779
574 332.779
575 332.779
576 332.779
577 332.779
578 332.779
579 332.779
580 332.779
581 332.779
582 332.779
583 332.779
584 332.779
585 332.779
586 332.779
587 332.779
588 332.779
589 332.779
590 332.779
591 332.779
592 332.779
593 332.779
594 332.779
595 332.779
596 332.779
597 332.779
598 332.779
599 332.779
600 332.779
601 332.779
602 332.779
603 332.779
604 332.779
605 332.779
606 332.779
607 332.779
608 332.779
609 332.779
610 332.779
611 332.779
612 332.779
613 332.779
614 332.779
615 332.779
616 332.779
617 332.779
618 332.779
619 332.779
620 332.779
621 332.779
622 332.779
623 332.779
624 332.779
625 332.779
626 332.779
627 332.779
628 332.779
629 332.779
630 332.779
631 332.779
632 332.779
633 332.779
634 332.779
635 332.779
636 332.779
637 332.779
638 332.779
639 332.779
640 332.779
641 332.779
642 332.779
643 332.779
644 332.779
645 332.779
646 332.779
647 332.779
648 332.779
649 332.779
650 332.779
651 332.779
652 332.779
653 332.779
654 332.779
655 332.779
656 332.779
657 332.779
658 332.779
659 332.779
660 332.779
661 332.779
662 332.779
663 332.779
664 332.779
665 332.779
666 332.779
667 332.779
668 332.779
669 332.779
670 332.779
671 332.779
672 332.779
673 332.779
674 332.779
675 332.779
676 332.779
677 332.779
678 332.779
679 332.779
680 332.779
681 332.779
682 332.779
683 332.779
684 332.779
685 332.779
686 332.779
687 332.779
688 332.779
689 332.779
690 332.779
691 332.779
692 332.779
693 332.779
694 332.779
695 332.779
696 332.779
697 332.779
698 332.779
699 332.779
700 332.779
701 332.779
702 332.779
703 332.779
704 332.779
705 332.779
706 332.779
707 332.779
708 332.779
709 332.779
710 332.779
711 332.779
712 332.779
713 332.779
714 332.779
715 332.779
716 332.779
717 332.779
718 332.779
719 332.779
720 332.779
721 332.779
722 332.779
723 332.779
724 332.779
725 332.779
726 332.779
727 332.779
728 332.779
729 332.779
730 332.779
731 332.779
732 332.779
733 332.779
734 332.779
735 332.779
736 332.779
737 332.779
738 332.779
739 332.779
740 332.779
741 332.779
742 332.779
743 332.779
744 332.779
745 332.779
746 332.779
747 332.779
748 332.779
749 332.779
750 332.779
751 332.779
752 332.779
753 332.779
754 332.779
755 332.779
756 332.779
757 332.779
758 332.779
759 332.779
760 332.779
761 332.779
762 332.779
763 332.779
764 332.779
765 332.779
766 332.779
767 332.779
768 332.779
769 332.779
770 332.779
771 332.779
772 332.779
773 332.779
774 332.779
775 332.779
776 332.779
777 332.779
778 332.779
779 332.779
780 332.779
781 332.779
782 332.779
783 332.779
784 332.779
785 332.779
786 332.779
787 332.779
788 332.779
789 332.779
790 332.779
791 332.779
792 332.779
793 332.779
794 332.779
795 332.779
796 332.779
797 332.779
798 332.779
799 332.779
800 332.779
801 332.779
802 332.779
803 332.779
804 332.779
805 332.779
806 332.779
807 332.779
808 332.779
809 332.779
810 332.779
811 332.779
812 332.779
813 332.779
814 332.779
815 332.779
816 332.779
817 332.779
818 332.779
819 332.779
820 332.779
821 332.779
822 332.779
823 332.779
824 332.779
825 332.779
826 332.779
827 332.779
828 332.779
829 332.779
830 332.779
831 332.779
832 332.779
833 332.779
834 332.779
835 332.779
836 332.779
837 332.779
838 332.779
839 332.779
840 332.779
841 332.779
842 332.779
843 332.779
844 332.779
845 332.779
846 332.779
847 332.779
848 332.779
849 332.779
850 332.779
851 332.779
852 332.779
853 332.779
854 332.779
855 332.779
856 332.779
857 332.779
858 332.779
859 332.779
860 332.779
861 332.779
862 332.779
863 332.779
864 332.779
865 332.779
866 332.779
867 332.779
868 332.779
869 332.779
870 332.779
871 332.779
872 332.779
873 332.779
874 332.779
875 332.779
876 332.779
877 332.779
878 332.779
879 332.779
880 332.779
881 332.779
882 332.779
883 332.779
884 332.779
885 332.779
886 332.779
887 332.779
888 332.779
889 332.779
890 332.779
891 332.779
892 332.779
893 332.779
894 332.779
895 332.779
896 332.779
897 332.779
898 332.779
899 332.779
900 332.779
901 332.779
902 332.779
903 332.779
904 332.779
905 332.779
906 332.779
907 332.779
908 332.779
909 332.779
910 332.779
911 332.779
912 332.779
913 332.779
914 332.779
915 332.779
916 332.779
917 332.779
918 332.779
919 332.779
920 332.779
921 332.779
922 332.779
923 332.779
924 332.779
925 332.779
926 332.779
927 332.779
928 332.779
929 332.779
930 332.779
931 332.779
932 332.779
933 332.779
934 332.779
935 332.779
936 332.779
937 332.779
938 332.779
939 332.779
940 332.779
941 332.779
942 332.779
943 332.779
944 332.779
945 332.779
946 332.779
947 332.779
948 332.779
949 332.779
950 332.779
951 332.779
952 332.779
953 332.779
954 332.779
955 332.779
956 332.779
957 332.779
958 332.779
959 332.779
960 332.779
961 332.779
962 332.779
963 332.779
964 332.779
965 332.779
966 332.779
967 332.779
968 332.779
969 332.779
970 332.779
971 332.779
972 332.779
973 332.779
974 332.779
975 332.779
976 332.779
977 332.779
978 332.779
979 332.779
980 332.779
981 332.779
982 332.779
983 332.779
984 332.779
985 332.779
986 332.779
987 332.779
988 332.779
989 332.779
990 332.779
991 332.779
992 332.779
993 332.779
994 332.779
995 332.779
996 332.779
997 332.779
998 332.779
999 332.779
