0 1096.85
1 952.522
2 872.56
3 793.904
4 725.754
5 674.991
6 641.325
7 616.657
8 584.395
9 565.726
10 548.791
11 533.648
12 517.237
13 506.468
14 499.86
15 493.767
16 488.505
17 482.997
18 472.761
19 461.023
20 456.28
21 444.749
22 436.525
23 434.592
24 430.916
25 424.062
26 420.042
27 414.745
28 408.207
29 400.863
30 396.539
31 391.817
32 383.898
33 379.702
34 375.39
35 373.587
36 370.648
37 368.446
38 364.654
39 363.48
40 363.438
41 362.427
42 360.239
43 358.997
44 358.997
45 358.993
46 358.294
47 357.265
48 357.261
49 356.431
50 355.201
51 355.201
52 355.201
53 355.201
54 355.201
55 355.078
56 354.206
57 353.007
58 352.712
59 352.114
60 351.468
61 349.733
62 348.062
63 348.062
64 348.021
65 347.54
66 346.943
67 346.583
68 346.383
69 346.383
70 346.383
71 346.383
72 346.381
73 346.038
74 345.642
75 344.752
76 343.628
77 343.628
78 343.628
79 343.628
80 343.62
81 341.799
82 339.818
83 339.818
84 339.818
85 339.818
86 339.818
87 339.812
88 338.427
89 336.833
90 336.833
91 336.833
92 336.833
93 336.812
94 336.788
95 336.788
96 336.788
97 336.788
98 336.787
99 336.661
100 336.528
101 336.528
102 336.528
103 336.528
104 336.528
105 336.528
106 336.528
107 336.528
108 336.528
109 336.528
110 336.528
111 336.528
112 336.528
113 336.528
114 336.528
115 336.528
116 336.528
117 336.528
118 336.527
119 336.276
120 335.986
121 335.986
122 335.986
123 335.986
124 335.986
125 335.986
126 335.986
127 335.986
128 335.986
129 335.986
130 335.986
131 335.986
132 335.986
133 335.986
134 335.986
135 335.986
136 335.986
137 335.986
138 335.986
139 335.986
140 335.986
141 335.986
142 335.986
143 335.986
144 335.986
145 335.986
146 335.986
147 335.986
148 335.986
149 335.986
150 335.986
151 335.986
152 335.986
153 335.986
154 335.986
155 335.986
156 335.986
157 335.986
158 335.986
159 335.986
160 335.986
161 335.986
162 335.986
163 335.986
164 335.986
165 335.986
166 335.986
167 335.986
168 335.986
169 335.986
170 335.986
171 335.986
172 335.986
173 335.986
174 335.986
175 335.986
176 335.986
177 335.986
178 335.986
179 335.986
180 335.986
181 335.986
182 335.986
183 335.986
184 335.986
185 335.986
186 335.986
187 335.986
188 335.986
189 335.986
190 335.986
191 335.986
192 335.986
193 335.986
194 335.986
195 335.986
196 335.986
197 335.986
198 335.986
199 335.986
200 335.986
201 335.986
202 335.986
203 335.986
204 335.986
205 335.986
206 335.986
207 335.986
208 335.986
209 335.986
210 335.986
211 335.986
212 335.986
213 335.986
214 335.986
215 335.986
216 335.986
217 335.986
218 335.986
219 335.986
220 335.986
221 335.986
222 335.986
223 335.986
224 335.986
225 335.986
226 335.986
227 335.986
228 335.986
229 335.986
230 335.986
231 335.986
232 335.986
233 335.986
234 335.986
235 335.986
236 335.986
237 335.986
238 335.986
239 335.986
240 335.986
241 335.986
242 335.986
243 335.986
244 335.986
245 335.986
246 335.986
247 335.986
248 335.986
249 335.986
250 335.986
251 335.986
252 335.986
253 335.986
254 335.986
255 335.986
256 335.986
257 335.986
258 335.986
259 335.986
260 335.986
261 335.986
262 335.986
263 335.986
264 335.986
265 335.986
266 335.986
267 335.986
268 335.986
269 335.986
270 335.986
271 335.986
272 335.986
273 335.986
274 335.986
275 335.986
276 335.986
277 335.986
278 335.986
279 335.986
280 335.986
281 335.986
282 335.986
283 335.986
284 335.986
285 335.986
286 335.986
287 335.986
288 335.986
289 335.986
290 335.986
291 335.986
292 335.986
293 335.986
294 335.986
295 335.986
296 335.986
297 335.986
298 335.986
299 335.986
300 335.986
301 335.986
302 335.986
303 335.986
304 335.986
305 335.986
306 335.986
307 335.986
308 335.986
309 335.986
310 335.986
311 335.986
312 335.986
313 335.986
314 335.986
315 335.986
316 335.986
317 335.986
318 335.986
319 335.986
320 335.986
321 335.986
322 335.986
323 335.986
324 335.986
325 335.986
326 335.986
327 335.986
328 335.986
329 335.986
330 335.986
331 335.986
332 335.986
333 335.986
334 335.986
335 335.986
336 335.986
337 335.986
338 335.986
339 335.986
340 335.986
341 335.986
342 335.986
343 335.986
344 335.986
345 335.986
346 335.986
347 335.986
348 335.986
349 335.986
350 335.986
351 335.986
352 335.986
353 335.986
354 335.986
355 335.986
356 335.986
357 335.986
358 335.986
359 335.986
360 335.986
361 335.986
362 335.986
363 335.986
364 335.986
365 335.986
366 335.986
367 335.986
368 335.986
369 335.986
370 335.986
371 335.986
372 335.986
373 335.986
374 335.986
375 335.986
376 335.986
377 335.986
378 335.986
379 335.986
380 335.986
381 335.986
382 335.986
383 335.986
384 335.986
385 335.986
386 335.986
387 335.986
388 335.986
389 335.986
390 335.986
391 335.986
392 335.986
393 335.986
394 335.986
395 335.986
396 335.986
397 335.986
398 335.986
399 335.986
400 335.986
401 335.986
402 335.986
403 335.986
404 335.986
405 335.986
406 335.986
407 335.986
408 335.986
409 335.986
410 335.986
411 335.986
412 335.986
413 335.986
414 335.986
415 335.986
416 335.986
417 335.986
418 335.986
419 335.986
420 335.986
421 335.986
422 335.986
423 335.986
424 335.986
425 335.986
426 335.986
427 335.986
428 335.986
429 335.986
430 335.986
431 335.986
432 335.986
433 335.986
434 335.986
435 335.986
436 335.986
437 335.986
438 335.986
439 335.986
440 335.986
441 335.986
442 335.986
443 335.986
444 335.986
445 335.986
446 335.986
447 335.986
448 335.986
449 335.986
450 335.986
451 335.986
452 335.986
453 335.986
454 335.986
455 335.986
456 335.986
457 335.986
458 335.986
459 335.986
460 335.986
461 335.986
462 335.986
463 335.986
464 335.986
465 335.986
466 335.986
467 335.986
468 335.986
469 335.986
470 335.986
471 335.986
472 335.986
473 335.986
474 335.986
475 335.986
476 335.986
477 335.986
478 335.986
479 335.986
480 335.986
481 335.986
482 335.986
483 335.986
484 335.986
485 335.986
486 335.986
487 335.986
488 335.986
489 335.986
490 335.986
491 335.986
492 335.986
493 335.986
494 335.986
495 335.986
496 335.986
497 335.986
498 335.986
499 335.986
500 335.986
501 335.986
502 335.986
503 335.986
504 335.986
505 335.986
506 335.986
507 335.986
508 335.986
509 335.986
510 335.986
511 335.986
512 335.986
513 335.986
514 335.986
515 335.986
516 335.986
517 335.986
518 335.986
519 335.986
520 335.986
521 335.986
522 335.986
523 335.986
524 335.986
525 335.986
526 335.986
527 335.986
528 335.986
529 335.986
530 335.986
531 335.986
532 335.986
533 335.986
534 335.986
535 335.986
536 335.986
537 335.986
538 335.986
539 335.986
540 335.986
541 335.986
542 335.986
543 335.986
544 335.986
545 335.986
546 335.986
547 335.986
548 335.986
549 335.986
550 335.986
551 335.986
552 335.986
553 335.986
554 335.986
555 335.986
556 335.986
557 335.986
558 335.986
559 335.986
560 335.986
561 335.986
562 335.986
563 335.986
564 335.986
565 335.986
566 335.986
567 335.986
568 335.986
569 335.986
570 335.986
571 335.986
572 335.986
573 335.986
574 335.986
575 335.986
576 335.986
577 335.986
578 335.986
579 335.986
580 335.986
581 335.986
582 335.986
583 335.986
584 335.986
585 335.986
586 335.986
587 335.986
588 335.986
589 335.986
590 335.986
591 335.986
592 335.986
593 335.986
594 335.986
595 335.986
596 335.986
597 335.986
598 335.986
599 335.986
600 335.986
601 335.986
602 335.986
603 335.986
604 335.986
605 335.986
606 335.986
607 335.986
608 335.986
609 335.986
610 335.986
611 335.986
612 335.986
613 335.986
614 335.986
615 335.986
616 335.986
617 335.986
618 335.986
619 335.986
620 335.986
621 335.986
622 335.986
623 335.986
624 335.986
625 335.986
626 335.986
627 335.986
628 335.986
629 335.986
630 335.986
631 335.986
632 335.986
633 335.986
634 335.986
635 335.986
636 335.986
637 335.986
638 335.986
639 335.986
640 335.986
641 335.986
642 335.986
643 335.986
644 335.986
645 335.986
646 335.986
647 335.986
648 335.986
649 335.986
650 335.986
651 335.986
652 335.986
653 335.986
654 335.986
655 335.986
656 335.986
657 335.986
658 335.986
659 335.986
660 335.986
661 335.986
662 335.986
663 335.986
664 335.986
665 335.986
666 335.986
667 335.986
668 335.986
669 335.986
670 335.986
671 335.986
672 335.986
673 335.986
674 335.986
675 335.986
676 335.986
677 335.986
678 335.986
679 335.986
680 335.986
681 335.986
682 335.986
683 335.986
684 335.986
685 335.986
686 335.986
687 335.986
688 335.986
689 335.986
690 335.986
691 335.986
692 335.986
693 335.986
694 335.986
695 335.986
696 335.986
697 335.986
698 335.986
699 335.986
700 335.986
701 335.986
702 335.986
703 335.986
704 335.986
705 335.986
706 335.986
707 335.986
708 335.986
709 335.986
710 335.986
711 335.986
712 335.986
713 335.986
714 335.986
715 335.986
716 335.986
717 335.986
718 335.986
719 335.986
720 335.986
721 335.986
722 335.986
723 335.986
724 335.986
725 335.986
726 335.986
727 335.986
728 335.986
729 335.986
730 335.986
731 335.986
732 335.986
733 335.986
734 335.986
735 335.986
736 335.986
737 335.986
738 335.986
739 335.986
740 335.986
741 335.986
742 335.986
743 335.986
744 335.986
745 335.986
746 335.986
747 335.986
748 335.986
749 335.986
750 335.986
751 335.986
752 335.986
753 335.986
754 335.986
755 335.986
756 335.986
757 335.986
758 335.986
759 335.986
760 335.986
761 335.986
762 335.986
763 335.986
764 335.986
765 335.986
766 335.986
767 335.986
768 335.986
769 335.986
770 335.986
771 335.986
772 335.986
773 335.986
774 335.986
775 335.986
776 335.986
777 335.986
778 335.986
779 335.986
780 335.986
781 335.986
782 335.986
783 335.986
784 335.986
785 335.986
786 335.986
787 335.986
788 335.986
789 335.986
790 335.986
791 335.986
792 335.986
793 335.986
794 335.986
795 335.986
796 335.986
797 335.986
798 335.986
799 335.986
800 335.986
801 335.986
802 335.986
803 335.986
804 335.986
805 335.986
806 335.986
807 335.986
808 335.986
809 335.986
810 335.986
811 335.986
812 335.986
813 335.986
814 335.986
815 335.986
816 335.986
817 335.986
818 335.986
819 335.986
820 335.986
821 335.986
822 335.986
823 335.986
824 335.986
825 335.986
826 335.986
827 335.986
828 335.986
829 335.986
830 335.986
831 335.986
832 335.986
833 335.986
834 335.986
835 335.986
836 335.986
837 335.986
838 335.986
839 335.986
840 335.986
841 335.986
842 335.986
843 335.986
844 335.986
845 335.986
846 335.986
847 335.986
848 335.986
849 335.986
850 335.986
851 335.986
852 335.986
853 335.986
854 335.986
855 335.986
856 335.986
857 335.986
858 335.986
859 335.986
860 335.986
861 335.986
862 335.986
863 335.986
864 335.986
865 335.986
866 335.986
867 335.986
868 335.986
869 335.986
870 335.986
871 335.986
872 335.986
873 335.986
874 335.986
875 335.986
876 335.986
877 335.986
878 335.986
879 335.986
880 335.986
881 335.986
882 335.986
883 335.986
884 335.986
885 335.986
886 335.986
887 335.986
888 335.986
889 335.986
890 335.986
891 335.986
892 335.986
893 335.986
894 335.986
895 335.986
896 335.986
897 335.986
898 335.986
899 335.986
900 335.986
901 335.986
902 335.986
903 335.986
904 335.986
905 335.986
906 335.986
907 335.986
908 335.986
909 335.986
910 335.986
911 335.986
912 335.986
913 335.986
914 335.986
915 335.986
916 335.986
917 335.986
918 335.986
919 335.986
920 335.986
921 335.986
922 335.986
923 335.986
924 335.986
925 335.986
926 335.986
927 335.986
928 335.986
929 335.986
930 335.986
931 335.986
932 335.986
933 335.986
934 335.986
935 335.986
936 335.986
937 335.986
938 335.986
939 335.986
940 335.986
941 335.986
942 335.986
943 335.986
944 335.986
945 335.986
946 335.986
947 335.986
948 335.986
949 335.986
950 335.986
951 335.986
952 335.986
953 335.986
954 335.986
955 335.986
956 335.986
957 335.986
958 335.986
959 335.986
960 335.986
961 335.986
962 335.986
963 335.986
964 335.986
965 335.986
966 335.986
967 335.986
968 335.986
969 335.986
970 335.986
971 335.986
972 335.986
973 335.986
974 335.986
975 335.986
976 335.986
977 335.986
978 335.986
979 335.986
980 335.986
981 335.986
982 335.986
983 335.986
984 335.986
985 335.986
986 335.986
987 335.986
988 335.986
989 335.986
990 335.986
991 335.986
992 335.986
993 335.986
994 335.986
995 335.986
996 335.986
997 335.986
998 335.986
999 335.986
