0 1087.58
1 923.744
2 853.042
3 793.19
4 756.271
5 720.353
6 678.37
7 643.193
8 622.291
9 600.862
10 582.844
11 565.253
12 555.023
13 544.103
14 530.861
15 520.584
16 502.417
17 491.702
18 482.637
19 471.004
20 460.181
21 452.209
22 447.409
23 438.651
24 430.263
25 422.019
26 413.704
27 409.363
28 403.263
29 401.086
30 398.792
31 397.025
32 395.798
33 394.351
34 387.455
35 383.068
36 378.567
37 375.752
38 374.795
39 374.306
40 374.067
41 372.499
42 370.577
43 369.459
44 368.022
45 367.229
46 366.609
47 366.359
48 365.565
49 365.389
50 365.388
51 365.227
52 364.998
53 364.758
54 363.548
55 362.885
56 362.885
57 362.885
58 362.881
59 362.194
60 361.364
61 361.364
62 361.364
63 361.364
64 361.364
65 361.364
66 361.364
67 361.364
68 361.364
69 361.338
70 361.308
71 360.67
72 359.927
73 359.927
74 359.925
75 359.467
76 358.163
77 357.13
78 357.13
79 357.13
80 357.123
81 355.428
82 353.766
83 352.971
84 352.204
85 352.204
86 352.204
87 352.204
88 352.204
89 352.199
90 350.932
91 347.118
92 345.427
93 345.427
94 345.427
95 345.427
96 345.427
97 345.427
98 345.427
99 345.427
100 345.427
101 345.427
102 345.427
103 345.427
104 345.427
105 345.427
106 345.427
107 345.427
108 345.427
109 345.427
110 345.427
111 345.427
112 345.427
113 345.427
114 345.427
115 345.427
116 345.427
117 345.427
118 345.427
119 345.427
120 345.427
121 345.427
122 345.427
123 345.427
124 345.427
125 345.425
126 345.067
127 343.708
128 342.826
129 342.826
130 342.826
131 342.826
132 342.826
133 342.826
134 342.826
135 342.826
136 342.826
137 342.826
138 342.826
139 342.826
140 342.826
141 342.826
142 342.826
143 342.826
144 342.826
145 342.826
146 342.826
147 342.826
148 342.826
149 342.826
150 342.826
151 342.826
152 342.826
153 342.826
154 342.826
155 342.826
156 342.826
157 342.826
158 342.826
159 342.826
160 342.826
161 342.826
162 342.826
163 342.826
164 342.826
165 342.826
166 342.826
167 342.826
168 342.826
169 342.826
170 342.826
171 342.826
172 342.826
173 342.826
174 342.826
175 342.826
176 342.826
177 342.826
178 342.826
179 342.826
180 342.826
181 342.826
182 342.826
183 342.826
184 342.826
185 342.826
186 342.826
187 342.826
188 342.826
189 342.826
190 342.826
191 342.826
192 342.826
193 342.826
194 342.826
195 342.826
196 342.826
197 342.826
198 342.826
199 342.826
200 342.826
201 342.826
202 342.826
203 342.826
204 342.826
205 342.826
206 342.826
207 342.826
208 342.826
209 342.826
210 342.826
211 342.826
212 342.826
213 342.826
214 342.826
215 342.826
216 342.826
217 342.826
218 342.826
219 342.826
220 342.826
221 342.826
222 342.826
223 342.826
224 342.826
225 342.826
226 342.826
227 342.826
228 342.826
229 342.826
230 342.826
231 342.826
232 342.826
233 342.826
234 342.826
235 342.826
236 342.826
237 342.826
238 342.826
239 342.826
240 342.826
241 342.826
242 342.826
243 342.826
244 342.826
245 342.826
246 342.826
247 342.826
248 342.826
249 342.826
250 342.826
251 342.826
252 342.826
253 342.826
254 342.826
255 342.826
256 342.826
257 342.826
258 342.826
259 342.826
260 342.826
261 342.826
262 342.826
263 342.826
264 342.826
265 342.826
266 342.826
267 342.826
268 342.826
269 342.826
270 342.826
271 342.826
272 342.826
273 342.826
274 342.826
275 342.826
276 342.826
277 342.826
278 342.826
279 342.826
280 342.826
281 342.826
282 342.826
283 342.826
284 342.826
285 342.826
286 342.826
287 342.826
288 342.826
289 342.826
290 342.826
291 342.826
292 342.826
293 342.826
294 342.826
295 342.826
296 342.826
297 342.826
298 342.826
299 342.826
300 342.826
301 342.826
302 342.826
303 342.826
304 342.826
305 342.826
306 342.826
307 342.826
308 342.826
309 342.826
310 342.826
311 342.826
312 342.826
313 342.826
314 342.826
315 342.826
316 342.826
317 342.826
318 342.826
319 342.826
320 342.826
321 342.826
322 342.826
323 342.826
324 342.826
325 342.826
326 342.826
327 342.826
328 342.826
329 342.826
330 342.826
331 342.826
332 342.826
333 342.826
334 342.826
335 342.826
336 342.826
337 342.826
338 342.826
339 342.826
340 342.826
341 342.826
342 342.826
343 342.826
344 342.826
345 342.826
346 342.826
347 342.826
348 342.826
349 342.826
350 342.826
351 342.826
352 342.826
353 342.826
354 342.826
355 342.826
356 342.826
357 342.826
358 342.826
359 342.826
360 342.826
361 342.826
362 342.826
363 342.826
364 342.826
365 342.826
366 342.826
367 342.826
368 342.826
369 342.826
370 342.826
371 342.826
372 342.826
373 342.826
374 342.826
375 342.826
376 342.826
377 342.826
378 342.826
379 342.826
380 342.826
381 342.826
382 342.826
383 342.826
384 342.826
385 342.826
386 342.826
387 342.826
388 342.826
389 342.826
390 342.826
391 342.826
392 342.826
393 342.826
394 342.826
395 342.826
396 342.826
397 342.826
398 342.826
399 342.826
400 342.826
401 342.826
402 342.826
403 342.826
404 342.826
405 342.826
406 342.826
407 342.826
408 342.826
409 342.826
410 342.826
411 342.826
412 342.826
413 342.826
414 342.826
415 342.826
416 342.826
417 342.826
418 342.826
419 342.826
420 342.826
421 342.826
422 342.826
423 342.826
424 342.826
425 342.826
426 342.826
427 342.826
428 342.826
429 342.826
430 342.826
431 342.826
432 342.826
433 342.826
434 342.826
435 342.826
436 342.826
437 342.826
438 342.826
439 342.826
440 342.826
441 342.826
442 342.826
443 342.826
444 342.826
445 342.826
446 342.826
447 342.826
448 342.826
449 342.826
450 342.826
451 342.826
452 342.826
453 342.826
454 342.826
455 342.826
456 342.826
457 342.826
458 342.826
459 342.826
460 342.826
461 342.826
462 342.826
463 342.826
464 342.826
465 342.826
466 342.826
467 342.826
468 342.826
469 342.826
470 342.826
471 342.826
472 342.826
473 342.826
474 342.826
475 342.826
476 342.826
477 342.826
478 342.826
479 342.826
480 342.826
481 342.826
482 342.826
483 342.826
484 342.826
485 342.826
486 342.826
487 342.826
488 342.826
489 342.826
490 342.826
491 342.826
492 342.826
493 342.826
494 342.826
495 342.826
496 342.826
497 342.826
498 342.826
499 342.826
500 342.826
501 342.826
502 342.826
503 342.826
504 342.826
505 342.826
506 342.826
507 342.826
508 342.826
509 342.826
510 342.826
511 342.826
512 342.826
513 342.826
514 342.826
515 342.826
516 342.826
517 342.826
518 342.826
519 342.826
520 342.826
521 342.826
522 342.826
523 342.826
524 342.826
525 342.826
526 342.826
527 342.826
528 342.826
529 342.826
530 342.826
531 342.826
532 342.826
533 342.826
534 342.826
535 342.826
536 342.826
537 342.826
538 342.826
539 342.826
540 342.826
541 342.826
542 342.826
543 342.826
544 342.826
545 342.826
546 342.826
547 342.826
548 342.826
549 342.826
550 342.826
551 342.826
552 342.826
553 342.826
554 342.826
555 342.826
556 342.826
557 342.826
558 342.826
559 342.826
560 342.826
561 342.826
562 342.826
563 342.826
564 342.826
565 342.826
566 342.826
567 342.826
568 342.826
569 342.826
570 342.826
571 342.826
572 342.826
573 342.826
574 342.826
575 342.826
576 342.826
577 342.826
578 342.826
579 342.826
580 342.826
581 342.826
582 342.826
583 342.826
584 342.826
585 342.826
586 342.826
587 342.826
588 342.826
589 342.826
590 342.826
591 342.826
592 342.826
593 342.826
594 342.826
595 342.826
596 342.826
597 342.826
598 342.826
599 342.826
600 342.826
601 342.826
602 342.826
603 342.826
604 342.826
605 342.826
606 342.826
607 342.826
608 342.826
609 342.826
610 342.826
611 342.826
612 342.826
613 342.826
614 342.826
615 342.826
616 342.826
617 342.826
618 342.826
619 342.826
620 342.826
621 342.826
622 342.826
623 342.826
624 342.826
625 342.826
626 342.826
627 342.826
628 342.826
629 342.826
630 342.826
631 342.826
632 342.826
633 342.826
634 342.826
635 342.826
636 342.826
637 342.826
638 342.826
639 342.826
640 342.826
641 342.826
642 342.826
643 342.826
644 342.826
645 342.826
646 342.826
647 342.826
648 342.826
649 342.826
650 342.826
651 342.826
652 342.826
653 342.826
654 342.826
655 342.826
656 342.826
657 342.826
658 342.826
659 342.826
660 342.826
661 342.826
662 342.826
663 342.826
664 342.826
665 342.826
666 342.826
667 342.826
668 342.826
669 342.826
670 342.826
671 342.826
672 342.826
673 342.826
674 342.826
675 342.826
676 342.826
677 342.826
678 342.826
679 342.826
680 342.826
681 342.826
682 342.826
683 342.826
684 342.826
685 342.826
686 342.826
687 342.826
688 342.826
689 342.826
690 342.826
691 342.826
692 342.826
693 342.826
694 342.826
695 342.826
696 342.826
697 342.826
698 342.826
699 342.826
700 342.826
701 342.826
702 342.826
703 342.826
704 342.826
705 342.826
706 342.826
707 342.826
708 342.826
709 342.826
710 342.826
711 342.826
712 342.826
713 342.826
714 342.826
715 342.826
716 342.826
717 342.826
718 342.826
719 342.826
720 342.826
721 342.826
722 342.826
723 342.826
724 342.826
725 342.826
726 342.826
727 342.826
728 342.826
729 342.826
730 342.826
731 342.826
732 342.826
733 342.826
734 342.826
735 342.826
736 342.826
737 342.826
738 342.826
739 342.826
740 342.826
741 342.826
742 342.826
743 342.826
744 342.826
745 342.826
746 342.826
747 342.826
748 342.826
749 342.826
750 342.826
751 342.826
752 342.826
753 342.826
754 342.826
755 342.826
756 342.826
757 342.826
758 342.826
759 342.826
760 342.826
761 342.826
762 342.826
763 342.826
764 342.826
765 342.826
766 342.826
767 342.826
768 342.826
769 342.826
770 342.826
771 342.826
772 342.826
773 342.826
774 342.826
775 342.826
776 342.826
777 342.826
778 342.826
779 342.826
780 342.826
781 342.826
782 342.826
783 342.826
784 342.826
785 342.826
786 342.826
787 342.826
788 342.826
789 342.826
790 342.826
791 342.826
792 342.826
793 342.826
794 342.826
795 342.826
796 342.826
797 342.826
798 342.826
799 342.826
800 342.826
801 342.826
802 342.826
803 342.826
804 342.826
805 342.826
806 342.826
807 342.826
808 342.826
809 342.826
810 342.826
811 342.826
812 342.826
813 342.826
814 342.826
815 342.826
816 342.826
817 342.826
818 342.826
819 342.826
820 342.826
821 342.826
822 342.826
823 342.826
824 342.826
825 342.826
826 342.826
827 342.826
828 342.826
829 342.826
830 342.826
831 342.826
832 342.826
833 342.826
834 342.826
835 342.826
836 342.826
837 342.826
838 342.826
839 342.826
840 342.826
841 342.826
842 342.826
843 342.826
844 342.826
845 342.826
846 342.826
847 342.826
848 342.826
849 342.826
850 342.826
851 342.826
852 342.826
853 342.826
854 342.826
855 342.826
856 342.826
857 342.826
858 342.826
859 342.826
860 342.826
861 342.826
862 342.826
863 342.826
864 342.826
865 342.826
866 342.826
867 342.826
868 342.826
869 342.826
870 342.826
871 342.826
872 342.826
873 342.826
874 342.826
875 342.826
876 342.826
877 342.826
878 342.826
879 342.826
880 342.826
881 342.826
882 342.826
883 342.826
884 342.826
885 342.826
886 342.826
887 342.826
888 342.826
889 342.826
890 342.826
891 342.826
892 342.826
893 342.826
894 342.826
895 342.826
896 342.826
897 342.826
898 342.826
899 342.826
900 342.826
901 342.826
902 342.826
903 342.826
904 342.826
905 342.826
906 342.826
907 342.826
908 342.826
909 342.826
910 342.826
911 342.826
912 342.826
913 342.826
914 342.826
915 342.826
916 342.826
917 342.826
918 342.826
919 342.826
920 342.826
921 342.826
922 342.826
923 342.826
924 342.826
925 342.826
926 342.826
927 342.826
928 342.826
929 342.826
930 342.826
931 342.826
932 342.826
933 342.826
934 342.826
935 342.826
936 342.826
937 342.826
938 342.826
939 342.826
940 342.826
941 342.826
942 342.826
943 342.826
944 342.826
945 342.826
946 342.826
947 342.826
948 342.826
949 342.826
950 342.826
951 342.826
952 342.826
953 342.826
954 342.826
955 342.826
956 342.826
957 342.826
958 342.826
959 342.826
960 342.826
961 342.826
962 342.826
963 342.826
964 342.826
965 342.826
966 342.826
967 342.826
968 342.826
969 342.826
970 342.826
971 342.826
972 342.826
973 342.826
974 342.826
975 342.826
976 342.826
977 342.826
978 342.826
979 342.826
980 342.826
981 342.826
982 342.826
983 342.826
984 342.826
985 342.826
986 342.826
987 342.826
988 342.826
989 342.826
990 342.826
991 342.826
992 342.826
993 342.826
994 342.826
995 342.826
996 342.826
997 342.826
998 342.826
999 342.826
