0 1091.78
1 899.356
2 837.977
3 788.564
4 750.771
5 726.124
6 693.794
7 672.045
8 651.533
9 631.288
10 604.684
11 579.826
12 565.3
13 550.59
14 538.129
15 523.099
16 500.143
17 487.628
18 477.072
19 471.74
20 463.28
21 458.847
22 453.437
23 445.127
24 434.86
25 430.149
26 424.048
27 420.556
28 418.89
29 414.06
30 407.093
31 403.988
32 399.169
33 398.016
34 397.524
35 393.513
36 387.939
37 385.576
38 383.169
39 381.59
40 380.868
41 379.205
42 376.858
43 373.124
44 371.286
45 368.74
46 366.877
47 366.759
48 365.646
49 363.735
50 360.726
51 358.741
52 358.556
53 358.375
54 358.375
55 358.375
56 358.375
57 358.373
58 357.802
59 357.165
60 357.165
61 357.165
62 357.165
63 357.165
64 357.165
65 357.165
66 357.165
67 357.165
68 357.165
69 357.165
70 357.165
71 357.165
72 357.162
73 356.538
74 355.546
75 355.197
76 355.197
77 355.197
78 355.197
79 355.197
80 355.197
81 355.197
82 355.197
83 355.197
84 355.197
85 355.196
86 355.037
87 352.576
88 351.844
89 351.844
90 351.844
91 351.844
92 351.844
93 351.844
94 351.844
95 351.844
96 351.844
97 351.844
98 351.844
99 351.844
100 351.844
101 351.844
102 351.844
103 351.843
104 351.596
105 351.356
106 351.356
107 351.356
108 351.356
109 351.356
110 351.356
111 351.356
112 351.356
113 351.356
114 351.356
115 351.356
116 351.356
117 351.356
118 351.356
119 351.356
120 351.356
121 351.356
122 351.356
123 351.356
124 351.356
125 351.356
126 351.356
127 351.356
128 351.356
129 351.356
130 351.356
131 351.356
132 351.356
133 351.356
134 351.356
135 351.356
136 351.356
137 351.356
138 351.356
139 351.355
140 351.084
141 350.787
142 350.787
143 350.787
144 350.787
145 350.787
146 350.787
147 350.787
148 350.787
149 350.787
150 350.787
151 350.787
152 350.787
153 350.787
154 350.787
155 350.787
156 350.787
157 350.787
158 350.787
159 350.787
160 350.787
161 350.787
162 350.787
163 350.787
164 350.787
165 350.787
166 350.787
167 350.787
168 350.787
169 350.787
170 350.787
171 350.787
172 350.787
173 350.787
174 350.787
175 350.787
176 350.787
177 350.787
178 350.787
179 350.787
180 350.787
181 350.787
182 350.787
183 350.787
184 350.787
185 350.787
186 350.787
187 350.787
188 350.787
189 350.787
190 350.787
191 350.787
192 350.787
193 350.787
194 350.787
195 350.787
196 350.787
197 350.787
198 350.787
199 350.787
200 350.787
201 350.787
202 350.787
203 350.787
204 350.787
205 350.787
206 350.787
207 350.787
208 350.787
209 350.787
210 350.787
211 350.787
212 350.787
213 350.787
214 350.787
215 350.787
216 350.787
217 350.787
218 350.787
219 350.787
220 350.787
221 350.787
222 350.787
223 350.787
224 350.787
225 350.787
226 350.787
227 350.787
228 350.787
229 350.787
230 350.787
231 350.787
232 350.787
233 350.787
234 350.787
235 350.787
236 350.787
237 350.787
238 350.787
239 350.787
240 350.787
241 350.787
242 350.787
243 350.787
244 350.787
245 350.787
246 350.787
247 350.787
248 350.787
249 350.787
250 350.787
251 350.787
252 350.787
253 350.787
254 350.787
255 350.787
256 350.787
257 350.787
258 350.787
259 350.787
260 350.787
261 350.787
262 350.787
263 350.787
264 350.787
265 350.787
266 350.787
267 350.787
268 350.787
269 350.787
270 350.787
271 350.787
272 350.787
273 350.787
274 350.787
275 350.787
276 350.787
277 350.787
278 350.787
279 350.787
280 350.787
281 350.787
282 350.787
283 350.787
284 350.787
285 350.787
286 350.787
287 350.787
288 350.787
289 350.787
290 350.787
291 350.787
292 350.787
293 350.787
294 350.787
295 350.787
296 350.787
297 350.787
298 350.787
299 350.787
300 350.787
301 350.787
302 350.787
303 350.787
304 350.787
305 350.787
306 350.787
307 350.787
308 350.787
309 350.787
310 350.787
311 350.787
312 350.787
313 350.787
314 350.787
315 350.787
316 350.787
317 350.787
318 350.787
319 350.787
320 350.787
321 350.787
322 350.787
323 350.787
324 350.787
325 350.787
326 350.787
327 350.787
328 350.787
329 350.787
330 350.787
331 350.787
332 350.787
333 350.787
334 350.787
335 350.787
336 350.787
337 350.787
338 350.787
339 350.787
340 350.787
341 350.787
342 350.787
343 350.787
344 350.787
345 350.787
346 350.787
347 350.787
348 350.787
349 350.787
350 350.787
351 350.787
352 350.787
353 350.787
354 350.787
355 350.787
356 350.787
357 350.787
358 350.787
359 350.787
360 350.787
361 350.787
362 350.787
363 350.787
364 350.787
365 350.787
366 350.787
367 350.787
368 350.787
369 350.787
370 350.787
371 350.787
372 350.787
373 350.787
374 350.787
375 350.787
376 350.787
377 350.787
378 350.787
379 350.787
380 350.787
381 350.787
382 350.787
383 350.787
384 350.787
385 350.787
386 350.787
387 350.787
388 350.787
389 350.787
390 350.787
391 350.787
392 350.787
393 350.787
394 350.787
395 350.787
396 350.787
397 350.787
398 350.787
399 350.787
400 350.787
401 350.787
402 350.787
403 350.787
404 350.787
405 350.787
406 350.787
407 350.787
408 350.787
409 350.787
410 350.787
411 350.787
412 350.787
413 350.787
414 350.787
415 350.787
416 350.787
417 350.787
418 350.787
419 350.787
420 350.787
421 350.787
422 350.787
423 350.787
424 350.787
425 350.787
426 350.787
427 350.787
428 350.787
429 350.787
430 350.787
431 350.787
432 350.787
433 350.787
434 350.787
435 350.787
436 350.787
437 350.787
438 350.787
439 350.787
440 350.787
441 350.787
442 350.787
443 350.787
444 350.787
445 350.787
446 350.787
447 350.787
448 350.787
449 350.787
450 350.787
451 350.787
452 350.787
453 350.787
454 350.787
455 350.787
456 350.787
457 350.787
458 350.787
459 350.787
460 350.787
461 350.787
462 350.787
463 350.787
464 350.787
465 350.787
466 350.787
467 350.787
468 350.787
469 350.787
470 350.787
471 350.787
472 350.787
473 350.787
474 350.787
475 350.787
476 350.787
477 350.787
478 350.787
479 350.787
480 350.787
481 350.787
482 350.787
483 350.787
484 350.787
485 350.787
486 350.787
487 350.787
488 350.787
489 350.787
490 350.787
491 350.787
492 350.787
493 350.787
494 350.787
495 350.787
496 350.787
497 350.787
498 350.787
499 350.787
500 350.787
501 350.787
502 350.787
503 350.787
504 350.787
505 350.787
506 350.787
507 350.787
508 350.787
509 350.787
510 350.787
511 350.787
512 350.787
513 350.787
514 350.787
515 350.787
516 350.787
517 350.787
518 350.787
519 350.787
520 350.787
521 350.787
522 350.787
523 350.787
524 350.787
525 350.787
526 350.787
527 350.787
528 350.787
529 350.787
530 350.787
531 350.787
532 350.787
533 350.787
534 350.787
535 350.787
536 350.787
537 350.787
538 350.787
539 350.787
540 350.787
541 350.787
542 350.787
543 350.787
544 350.787
545 350.787
546 350.787
547 350.787
548 350.787
549 350.787
550 350.787
551 350.787
552 350.787
553 350.787
554 350.787
555 350.787
556 350.787
557 350.787
558 350.787
559 350.787
560 350.787
561 350.787
562 350.787
563 350.787
564 350.787
565 350.787
566 350.787
567 350.787
568 350.787
569 350.787
570 350.787
571 350.787
572 350.787
573 350.787
574 350.787
575 350.787
576 350.787
577 350.787
578 350.787
579 350.787
580 350.787
581 350.787
582 350.787
583 350.787
584 350.787
585 350.787
586 350.787
587 350.787
588 350.787
589 350.787
590 350.787
591 350.787
592 350.787
593 350.787
594 350.787
595 350.787
596 350.787
597 350.787
598 350.787
599 350.787
600 350.787
601 350.787
602 350.787
603 350.787
604 350.787
605 350.787
606 350.787
607 350.787
608 350.787
609 350.787
610 350.787
611 350.787
612 350.787
613 350.787
614 350.787
615 350.787
616 350.787
617 350.787
618 350.787
619 350.787
620 350.787
621 350.787
622 350.787
623 350.787
624 350.787
625 350.787
626 350.787
627 350.787
628 350.787
629 350.787
630 350.787
631 350.787
632 350.787
633 350.787
634 350.787
635 350.787
636 350.787
637 350.787
638 350.787
639 350.787
640 350.787
641 350.787
642 350.787
643 350.787
644 350.787
645 350.787
646 350.787
647 350.787
648 350.787
649 350.787
650 350.787
651 350.787
652 350.787
653 350.787
654 350.787
655 350.787
656 350.787
657 350.787
658 350.787
659 350.787
660 350.787
661 350.787
662 350.787
663 350.787
664 350.787
665 350.787
666 350.787
667 350.787
668 350.787
669 350.787
670 350.787
671 350.787
672 350.787
673 350.787
674 350.787
675 350.787
676 350.787
677 350.787
678 350.787
679 350.787
680 350.787
681 350.787
682 350.787
683 350.787
684 350.787
685 350.787
686 350.787
687 350.787
688 350.787
689 350.787
690 350.787
691 350.787
692 350.787
693 350.787
694 350.787
695 350.787
696 350.787
697 350.787
698 350.787
699 350.787
700 350.787
701 350.787
702 350.787
703 350.787
704 350.787
705 350.787
706 350.787
707 350.787
708 350.787
709 350.787
710 350.787
711 350.787
712 350.787
713 350.787
714 350.787
715 350.787
716 350.787
717 350.787
718 350.787
719 350.787
720 350.787
721 350.787
722 350.787
723 350.787
724 350.787
725 350.787
726 350.787
727 350.787
728 350.787
729 350.787
730 350.787
731 350.787
732 350.787
733 350.787
734 350.787
735 350.787
736 350.787
737 350.787
738 350.787
739 350.787
740 350.787
741 350.787
742 350.787
743 350.787
744 350.787
745 350.787
746 350.787
747 350.787
748 350.787
749 350.787
750 350.787
751 350.787
752 350.787
753 350.787
754 350.787
755 350.787
756 350.787
757 350.787
758 350.787
759 350.787
760 350.787
761 350.787
762 350.787
763 350.787
764 350.787
765 350.787
766 350.787
767 350.787
768 350.787
769 350.787
770 350.787
771 350.787
772 350.787
773 350.787
774 350.787
775 350.787
776 350.787
777 350.787
778 350.787
779 350.787
780 350.787
781 350.787
782 350.787
783 350.787
784 350.787
785 350.787
786 350.787
787 350.787
788 350.787
789 350.787
790 350.787
791 350.787
792 350.787
793 350.787
794 350.787
795 350.787
796 350.787
797 350.787
798 350.787
799 350.787
800 350.787
801 350.787
802 350.787
803 350.787
804 350.787
805 350.787
806 350.787
807 350.787
808 350.787
809 350.787
810 350.787
811 350.787
812 350.787
813 350.787
814 350.787
815 350.787
816 350.787
817 350.787
818 350.787
819 350.787
820 350.787
821 350.787
822 350.787
823 350.787
824 350.787
825 350.787
826 350.787
827 350.787
828 350.787
829 350.787
830 350.787
831 350.787
832 350.787
833 350.787
834 350.787
835 350.787
836 350.787
837 350.787
838 350.787
839 350.787
840 350.787
841 350.787
842 350.787
843 350.787
844 350.787
845 350.787
846 350.787
847 350.787
848 350.787
849 350.787
850 350.787
851 350.787
852 350.787
853 350.787
854 350.787
855 350.787
856 350.787
857 350.787
858 350.787
859 350.787
860 350.787
861 350.787
862 350.787
863 350.787
864 350.787
865 350.787
866 350.787
867 350.787
868 350.787
869 350.787
870 350.787
871 350.787
872 350.787
873 350.787
874 350.787
875 350.787
876 350.787
877 350.787
878 350.787
879 350.787
880 350.787
881 350.787
882 350.787
883 350.787
884 350.787
885 350.787
886 350.787
887 350.787
888 350.787
889 350.787
890 350.787
891 350.787
892 350.787
893 350.787
894 350.787
895 350.787
896 350.787
897 350.787
898 350.787
899 350.787
900 350.787
901 350.787
902 350.787
903 350.787
904 350.787
905 350.787
906 350.787
907 350.787
908 350.787
909 350.787
910 350.787
911 350.787
912 350.787
913 350.787
914 350.787
915 350.787
916 350.787
917 350.787
918 350.787
919 350.787
920 350.787
921 350.787
922 350.787
923 350.787
924 350.787
925 350.787
926 350.787
927 350.787
928 350.787
929 350.787
930 350.787
931 350.787
932 350.787
933 350.787
934 350.787
935 350.787
936 350.787
937 350.787
938 350.787
939 350.787
940 350.787
941 350.787
942 350.787
943 350.787
944 350.787
945 350.787
946 350.787
947 350.787
948 350.787
949 350.787
950 350.787
951 350.787
952 350.787
953 350.787
954 350.787
955 350.787
956 350.787
957 350.787
958 350.787
959 350.787
960 350.787
961 350.787
962 350.787
963 350.787
964 350.787
965 350.787
966 350.787
967 350.787
968 350.787
969 350.787
970 350.787
971 350.787
972 350.787
973 350.787
974 350.787
975 350.787
976 350.787
977 350.787
978 350.787
979 350.787
980 350.787
981 350.787
982 350.787
983 350.787
984 350.787
985 350.787
986 350.787
987 350.787
988 350.787
989 350.787
990 350.787
991 350.787
992 350.787
993 350.787
994 350.787
995 350.787
996 350.787
997 350.787
998 350.787
999 350.787
