0 1093.45
1 958.484
2 884.476
3 810.404
4 735.821
5 717.617
6 687.561
7 665.755
8 650.764
9 638.376
10 622.712
11 587.412
12 567.21
13 560.162
14 550.395
15 542.371
16 531.224
17 524.593
18 519.749
19 505.513
20 490.353
21 484.686
22 480.531
23 473.956
24 470.127
25 466.449
26 459.359
27 450.677
28 441.843
29 431.609
30 422.097
31 416.069
32 411.699
33 409.159
34 403.333
35 396.155
36 391.635
37 385.423
38 376.257
39 373.951
40 373.529
41 372.513
42 368.796
43 363.867
44 363.545
45 363.009
46 362.577
47 362.377
48 361.289
49 360.072
50 359.669
51 358.439
52 356.924
53 355.834
54 352.632
55 352.124
56 350.495
57 348.882
58 348.696
59 346.833
60 344.354
61 344.181
62 344.181
63 344.179
64 343.663
65 341.536
66 338.07
67 335.696
68 334.291
69 333.735
70 333.134
71 332.09
72 330.848
73 330.47
74 330.041
75 329.931
76 329.382
77 329.043
78 329.043
79 329.043
80 329.043
81 329.043
82 329.043
83 329.043
84 329.043
85 329.04
86 328.573
87 327.928
88 327.928
89 327.928
90 327.928
91 327.928
92 327.928
93 327.928
94 327.928
95 327.928
96 327.928
97 327.928
98 327.928
99 327.928
100 327.928
101 327.928
102 327.928
103 327.926
104 327.359
105 326.581
106 326.581
107 326.581
108 326.581
109 326.581
110 326.581
111 326.581
112 326.581
113 326.581
114 326.581
115 326.581
116 326.581
117 326.581
118 326.581
119 326.581
120 326.581
121 326.581
122 326.581
123 326.581
124 326.581
125 326.581
126 326.581
127 326.581
128 326.581
129 326.581
130 326.581
131 326.581
132 326.581
133 326.581
134 326.581
135 326.581
136 326.581
137 326.581
138 326.581
139 326.581
140 326.581
141 326.581
142 326.581
143 326.581
144 326.581
145 326.581
146 326.581
147 326.581
148 326.581
149 326.581
150 326.581
151 326.581
152 326.581
153 326.581
154 326.581
155 326.581
156 326.581
157 326.581
158 326.581
159 326.581
160 326.581
161 326.581
162 326.581
163 326.581
164 326.581
165 326.581
166 326.581
167 326.581
168 326.581
169 326.581
170 326.581
171 326.581
172 326.581
173 326.581
174 326.581
175 326.581
176 326.581
177 326.581
178 326.581
179 326.581
180 326.581
181 326.581
182 326.581
183 326.581
184 326.581
185 326.581
186 326.581
187 326.581
188 326.581
189 326.581
190 326.581
191 326.581
192 326.581
193 326.581
194 326.581
195 326.581
196 326.581
197 326.581
198 326.581
199 326.581
200 326.581
201 326.581
202 326.581
203 326.581
204 326.581
205 326.581
206 326.581
207 326.581
208 326.581
209 326.581
210 326.581
211 326.581
212 326.581
213 326.581
214 326.581
215 326.581
216 326.581
217 326.581
218 326.581
219 326.581
220 326.581
221 326.581
222 326.581
223 326.581
224 326.581
225 326.581
226 326.581
227 326.581
228 326.581
229 326.581
230 326.581
231 326.581
232 326.581
233 326.581
234 326.581
235 326.581
236 326.581
237 326.581
238 326.581
239 326.581
240 326.581
241 326.581
242 326.581
243 326.581
244 326.581
245 326.581
246 326.581
247 326.581
248 326.581
249 326.581
250 326.581
251 326.581
252 326.581
253 326.581
254 326.581
255 326.581
256 326.581
257 326.581
258 326.581
259 326.581
260 326.581
261 326.581
262 326.581
263 326.581
264 326.581
265 326.581
266 326.581
267 326.581
268 326.581
269 326.581
270 326.581
271 326.581
272 326.581
273 326.581
274 326.581
275 326.581
276 326.581
277 326.581
278 326.581
279 326.581
280 326.581
281 326.581
282 326.581
283 326.581
284 326.581
285 326.581
286 326.581
287 326.581
288 326.581
289 326.581
290 326.581
291 326.581
292 326.581
293 326.581
294 326.581
295 326.581
296 326.581
297 326.581
298 326.581
299 326.581
300 326.581
301 326.581
302 326.581
303 326.581
304 326.581
305 326.581
306 326.581
307 326.581
308 326.581
309 326.581
310 326.581
311 326.581
312 326.581
313 326.581
314 326.581
315 326.581
316 326.581
317 326.581
318 326.581
319 326.581
320 326.581
321 326.581
322 326.581
323 326.581
324 326.581
325 326.581
326 326.581
327 326.581
328 326.581
329 326.581
330 326.581
331 326.581
332 326.581
333 326.581
334 326.581
335 326.581
336 326.581
337 326.581
338 326.581
339 326.581
340 326.581
341 326.581
342 326.581
343 326.581
344 326.581
345 326.581
346 326.581
347 326.581
348 326.581
349 326.581
350 326.581
351 326.581
352 326.581
353 326.581
354 326.581
355 326.581
356 326.581
357 326.581
358 326.581
359 326.581
360 326.581
361 326.581
362 326.581
363 326.581
364 326.581
365 326.581
366 326.581
367 326.581
368 326.581
369 326.581
370 326.581
371 326.581
372 326.581
373 326.581
374 326.581
375 326.581
376 326.581
377 326.581
378 326.581
379 326.581
380 326.581
381 326.581
382 326.581
383 326.581
384 326.581
385 326.581
386 326.581
387 326.581
388 326.581
389 326.581
390 326.581
391 326.581
392 326.581
393 326.581
394 326.581
395 326.581
396 326.581
397 326.581
398 326.581
399 326.581
400 326.581
401 326.581
402 326.581
403 326.581
404 326.581
405 326.581
406 326.581
407 326.581
408 326.581
409 326.581
410 326.581
411 326.581
412 326.581
413 326.581
414 326.581
415 326.581
416 326.581
417 326.581
418 326.581
419 326.581
420 326.581
421 326.581
422 326.581
423 326.581
424 326.581
425 326.581
426 326.581
427 326.581
428 326.581
429 326.581
430 326.581
431 326.581
432 326.581
433 326.581
434 326.581
435 326.581
436 326.581
437 326.581
438 326.581
439 326.581
440 326.581
441 326.581
442 326.581
443 326.581
444 326.581
445 326.581
446 326.581
447 326.581
448 326.581
449 326.581
450 326.581
451 326.581
452 326.581
453 326.581
454 326.581
455 326.581
456 326.581
457 326.581
458 326.581
459 326.581
460 326.581
461 326.581
462 326.581
463 326.581
464 326.581
465 326.581
466 326.581
467 326.581
468 326.581
469 326.581
470 326.581
471 326.581
472 326.581
473 326.581
474 326.581
475 326.581
476 326.581
477 326.581
478 326.581
479 326.581
480 326.581
481 326.581
482 326.581
483 326.581
484 326.581
485 326.581
486 326.581
487 326.581
488 326.581
489 326.581
490 326.581
491 326.581
492 326.581
493 326.581
494 326.581
495 326.581
496 326.581
497 326.581
498 326.581
499 326.581
500 326.581
501 326.581
502 326.581
503 326.581
504 326.581
505 326.581
506 326.581
507 326.581
508 326.581
509 326.581
510 326.581
511 326.581
512 326.581
513 326.581
514 326.581
515 326.581
516 326.581
517 326.581
518 326.581
519 326.581
520 326.581
521 326.581
522 326.581
523 326.581
524 326.581
525 326.581
526 326.581
527 326.581
528 326.581
529 326.581
530 326.581
531 326.581
532 326.581
533 326.581
534 326.581
535 326.581
536 326.581
537 326.581
538 326.581
539 326.581
540 326.581
541 326.581
542 326.581
543 326.581
544 326.581
545 326.581
546 326.581
547 326.581
548 326.581
549 326.581
550 326.581
551 326.581
552 326.581
553 326.581
554 326.581
555 326.581
556 326.581
557 326.581
558 326.581
559 326.581
560 326.581
561 326.581
562 326.581
563 326.581
564 326.581
565 326.581
566 326.581
567 326.581
568 326.581
569 326.581
570 326.581
571 326.581
572 326.581
573 326.581
574 326.581
575 326.581
576 326.581
577 326.581
578 326.581
579 326.581
580 326.581
581 326.581
582 326.581
583 326.581
584 326.581
585 326.581
586 326.581
587 326.581
588 326.581
589 326.581
590 326.581
591 326.581
592 326.581
593 326.581
594 326.581
595 326.581
596 326.581
597 326.581
598 326.581
599 326.581
600 326.581
601 326.581
602 326.581
603 326.581
604 326.581
605 326.581
606 326.581
607 326.581
608 326.581
609 326.581
610 326.581
611 326.581
612 326.581
613 326.581
614 326.581
615 326.581
616 326.581
617 326.581
618 326.581
619 326.581
620 326.581
621 326.581
622 326.581
623 326.581
624 326.581
625 326.581
626 326.581
627 326.581
628 326.581
629 326.581
630 326.581
631 326.581
632 326.581
633 326.581
634 326.581
635 326.581
636 326.581
637 326.581
638 326.581
639 326.581
640 326.581
641 326.581
642 326.581
643 326.581
644 326.581
645 326.581
646 326.581
647 326.581
648 326.581
649 326.581
650 326.581
651 326.581
652 326.581
653 326.581
654 326.581
655 326.581
656 326.581
657 326.581
658 326.581
659 326.581
660 326.581
661 326.581
662 326.581
663 326.581
664 326.581
665 326.581
666 326.581
667 326.581
668 326.581
669 326.581
670 326.581
671 326.581
672 326.581
673 326.581
674 326.581
675 326.581
676 326.581
677 326.581
678 326.581
679 326.581
680 326.581
681 326.581
682 326.581
683 326.581
684 326.581
685 326.581
686 326.581
687 326.581
688 326.581
689 326.581
690 326.581
691 326.581
692 326.581
693 326.581
694 326.581
695 326.581
696 326.581
697 326.581
698 326.581
699 326.581
700 326.581
701 326.581
702 326.581
703 326.581
704 326.581
705 326.581
706 326.581
707 326.581
708 326.581
709 326.581
710 326.581
711 326.581
712 326.581
713 326.581
714 326.581
715 326.581
716 326.581
717 326.581
718 326.581
719 326.581
720 326.581
721 326.581
722 326.581
723 326.581
724 326.581
725 326.581
726 326.581
727 326.581
728 326.581
729 326.581
730 326.581
731 326.581
732 326.581
733 326.581
734 326.581
735 326.581
736 326.581
737 326.581
738 326.581
739 326.581
740 326.581
741 326.581
742 326.581
743 326.581
744 326.581
745 326.581
746 326.581
747 326.581
748 326.581
749 326.581
750 326.581
751 326.581
752 326.581
753 326.581
754 326.581
755 326.581
756 326.581
757 326.581
758 326.581
759 326.581
760 326.581
761 326.581
762 326.581
763 326.581
764 326.581
765 326.581
766 326.581
767 326.581
768 326.581
769 326.581
770 326.581
771 326.581
772 326.581
773 326.581
774 326.581
775 326.581
776 326.581
777 326.581
778 326.581
779 326.581
780 326.581
781 326.581
782 326.581
783 326.581
784 326.581
785 326.581
786 326.581
787 326.581
788 326.581
789 326.581
790 326.581
791 326.581
792 326.581
793 326.581
794 326.581
795 326.581
796 326.581
797 326.581
798 326.581
799 326.581
800 326.581
801 326.581
802 326.581
803 326.581
804 326.581
805 326.581
806 326.581
807 326.581
808 326.581
809 326.581
810 326.581
811 326.581
812 326.581
813 326.581
814 326.581
815 326.581
816 326.581
817 326.581
818 326.581
819 326.581
820 326.581
821 326.581
822 326.581
823 326.581
824 326.581
825 326.581
826 326.581
827 326.581
828 326.581
829 326.581
830 326.581
831 326.581
832 326.581
833 326.581
834 326.581
835 326.581
836 326.581
837 326.581
838 326.581
839 326.581
840 326.581
841 326.581
842 326.581
843 326.581
844 326.581
845 326.581
846 326.581
847 326.581
848 326.581
849 326.581
850 326.581
851 326.581
852 326.581
853 326.581
854 326.581
855 326.581
856 326.581
857 326.581
858 326.581
859 326.581
860 326.581
861 326.581
862 326.581
863 326.581
864 326.581
865 326.581
866 326.581
867 326.581
868 326.581
869 326.581
870 326.581
871 326.581
872 326.581
873 326.581
874 326.581
875 326.581
876 326.581
877 326.581
878 326.581
879 326.581
880 326.581
881 326.581
882 326.581
883 326.581
884 326.581
885 326.581
886 326.581
887 326.581
888 326.581
889 326.581
890 326.581
891 326.581
892 326.581
893 326.581
894 326.581
895 326.581
896 326.581
897 326.581
898 326.581
899 326.581
900 326.581
901 326.581
902 326.581
903 326.581
904 326.581
905 326.581
906 326.581
907 326.581
908 326.581
909 326.581
910 326.581
911 326.581
912 326.581
913 326.581
914 326.581
915 326.581
916 326.581
917 326.581
918 326.581
919 326.581
920 326.581
921 326.581
922 326.581
923 326.581
924 326.581
925 326.581
926 326.581
927 326.581
928 326.581
929 326.581
930 326.581
931 326.577
932 325.699
933 324.374
934 324.282
935 324.185
936 324.185
937 324.185
938 324.185
939 324.185
940 324.185
941 324.185
942 324.185
943 324.185
944 324.185
945 324.185
946 324.158
947 320.35
948 316.56
949 316.56
950 316.56
951 316.56
952 316.56
953 316.56
954 316.56
955 316.56
956 316.56
957 316.56
958 316.56
959 316.56
960 316.56
961 316.56
962 316.56
963 316.56
964 316.56
965 316.56
966 316.56
967 316.56
968 316.56
969 316.56
970 316.56
971 316.56
972 316.56
973 316.56
974 316.56
975 316.56
976 316.56
977 316.56
978 316.56
979 316.56
980 316.56
981 316.56
982 316.56
983 316.56
984 316.56
985 316.56
986 316.56
987 316.56
988 316.56
989 316.56
990 316.56
991 316.56
992 316.56
993 316.56
994 316.56
995 316.56
996 316.56
997 316.56
998 316.56
999 316.56
