0.166537   -0.108389   -0.397544
0.302499   -0.484826   -0.457517
0.0522931   -0.0387221   0.153729
-0.121755   -0.110117   0.0963675
-0.101022   -0.406427   -0.183455
0.126831   -0.0431398   0.104832
0.088114   0.427546   -0.313675
-0.241386   -0.348548   0.399068
0.0636429   -0.12883   -0.0809381
-0.354972   -0.0484463   -0.0790388
-0.173512   0.3826   -0.285596
0.119295   -0.411793   -0.0623343
-0.362248   -0.0910504   0.166763
0.231562   -0.425178   0.207186
-0.448653   0.491185   -0.2086
-0.164055   0.103557   -0.390097
0.0467101   -0.40554   0.131378
-0.251537   0.225776   0.217406
0.0218845   -0.29285   -0.0300142
0.464186   0.132771   -0.0430698
-0.370341   0.0674225   0.395389
0.223009   0.242868   0.0981009
0.155771   -0.215469   -0.204967
0.113064   -0.0813102   0.017438
0.353925   -0.477284   -0.103656
0.0830211   0.307752   -0.126459
-0.233659   -0.144268   -0.26168
0.343792   -0.165206   -0.29592
-0.446903   -0.201303   -0.378408
0.188265   -0.15847   -0.475564
0.00113935   0.0427723   -0.281768
-0.282212   -0.266861   -0.0785091
-0.176147   -0.284874   -0.109805
0.129917   -0.0793345   0.263576
-0.192479   -0.47605   -0.17978
-0.444505   0.326195   -0.234811
0.34324   0.465958   -0.155374
-0.374048   0.494595   0.258613
0.407185   0.265242   -0.195
-0.304309   0.116727   0.28512
0.494499   -0.382856   0.273387
-0.19704   -0.434722   0.299729
0.189967   -0.340289   0.44232
0.145501   -0.0479006   -0.182301
-0.35472   0.288664   -0.357689
0.0849347   -0.249106   0.101099
0.149457   -0.356634   0.00174844
-0.191644   -0.194449   0.125198
0.138774   -0.423928   0.0809992
0.155893   -0.130836   -0.240828
0.404174   -0.445312   0.496833
-0.235052   -0.125354   0.0330039
-0.00523248   0.0734035   -0.462745
-0.0964592   0.14036   0.0963197
-0.150346   0.412383   -0.16883
-0.105605   0.335839   0.069428
0.119743   0.0294521   -0.435633
0.100829   0.437038   -0.021647
0.463564   0.447918   -0.211446
0.321297   -0.407696   -0.483564
0.0639454   0.0640001   0.0898429
-0.282143   -0.0767443   0.436779
0.259136   -0.40268   0.31867
0.251049   -0.148492   -0.401687
0.491997   -0.460247   -0.233803
0.483284   0.0497326   0.212508
-0.442021   0.413697   -0.225021
-0.0754843   -0.255689   0.343879
0.200167   -0.422288   -0.0413432
-0.281794   -0.289366   0.44703
-0.195275   0.238466   0.283795
0.357047   0.293472   0.123461
0.437019   -0.156662   -0.277643
-0.0427076   -0.0907383   -0.344839
0.135415   -0.0815857   0.455914
-0.155896   0.264518   0.135358
0.249295   0.448539   -0.072104
0.229618   -0.480029   -0.246585
-0.166615   0.0584737   0.13808
-0.30407   0.21062   -0.350054
-0.41367   -0.166855   0.35205
0.303309   -0.0472211   -0.234876
-0.371618   0.0517983   -0.297243
0.112698   -0.322676   0.0847804
-0.422767   0.332509   -0.0494748
-0.223472   0.337519   -0.199882
0.0575724   -0.362587   -0.334681
0.169647   0.130124   0.113218
-0.309075   -0.444705   -0.0387557
-0.232423   0.29352   -0.279255
-0.0130919   0.30875   0.0775087
-0.240132   -0.461986   -0.467631
0.253944   -0.335484   0.366676
-0.0226919   0.146866   0.144684
0.349329   0.496298   0.467193
0.202143   0.0493969   0.205149
0.333829   -0.3189   -0.109714
0.367524   -0.456343   0.256119
-0.495437   0.418993   -0.293167
-0.21746   -0.0894731   0.369978
-0.148299   0.448912   0.0456655
-0.139981   0.248748   0.373869
0.370679   -0.32031   -0.372263
-0.491304   -0.349   0.18412
0.472129   0.12729   -0.163913
-0.252156   -0.203684   -0.0177563
-0.176118   0.188897   0.0187827
-0.254879   0.198161   -0.111142
