0.112627   0.177716   0.397958
-0.352512   -0.465876   -0.333748
0.299269   -0.251786   0.411335
0.375435   -0.468736   0.153772
-0.323883   -0.289376   0.450316
-0.217379   0.386385   0.015887
0.155351   0.0958307   0.115696
0.24829   -0.318298   0.0151935
-0.167278   0.153506   0.360553
-0.23118   -0.368644   -0.211296
0.402611   0.174263   0.0458664
-0.121025   0.0434104   -0.1767
-0.419103   -0.0293192   0.0128402
-0.474101   0.479518   0.24133
0.30326   0.336969   -0.246402
0.0106907   -0.285118   0.395888
0.12522   -0.32079   -0.330636
0.459204   0.289488   -0.495103
-0.221388   0.352894   0.499983
-0.465522   -0.398586   -0.316697
-0.254704   -0.0223096   0.341633
-0.333642   0.423185   0.209919
0.203707   -0.29329   -0.126471
-0.0865011   0.176671   -0.469406
0.478128   0.430239   0.0228044
-0.0829972   -0.24895   0.0557741
-0.0402508   -0.161865   -0.196939
-0.292248   -0.310065   0.105418
-0.380665   -0.116242   0.0533299
-0.212664   0.189612   0.458242
-0.0405304   0.252553   0.395672
-0.428464   -0.330402   0.459575
0.244438   0.160446   0.388722
-0.204184   -0.108846   -0.0829293
0.435781   0.459561   -0.337012
-0.136947   0.00943208   -0.0751752
-0.401469   0.439097   0.313807
0.0495478   -0.268303   -0.204369
-0.483291   0.259624   0.317011
0.0291315   0.178011   0.388696
-0.433952   -0.0644026   0.0930227
0.204119   0.158715   -0.222503
0.459817   -0.380006   -0.278898
0.213132   -0.227817   0.340026
-0.00267381   0.247562   -0.356788
0.134473   0.149317   -0.372381
-0.311468   -0.115025   -0.338282
-0.468311   0.112843   0.420718
0.279029   0.0190859   -0.0198654
0.283884   0.487368   0.439192
-0.207348   0.497531   -0.498237
0.123443   0.13971   -0.457563
0.319049   -0.400916   0.351472
-0.428493   0.341849   -0.445507
-0.27921   -0.222847   -0.43075
-0.429521   -0.444695   0.488259
-0.0636129   -0.390268   -0.360149
-0.118971   -0.441727   -0.47182
0.18074   0.000883903   0.489648
-0.0118593   -0.211111   0.131062
0.0534565   0.365691   -0.0241599
-0.301106   -0.41865   -0.0261787
0.486147   -0.194177   -0.220861
-0.263748   0.0587633   0.16507
0.173553   -0.481572   0.397296
-0.089518   -0.226799   0.152244
0.138543   0.328009   -0.125698
-0.165013   0.347523   0.251987
-0.356714   0.0026375   -0.377647
0.00814501   0.258561   -0.119692
-0.204918   -0.363079   -0.0904651
-0.054665   -0.114716   -0.00194272
-0.447969   -0.0233347   -0.137647
-0.479272   0.278648   0.016955
-0.408   0.416836   -0.0404027
-0.250139   -0.107319   0.347652
-0.056769   0.436461   -0.454682
0.293572   -0.483578   -0.485071
0.399219   0.424691   -0.472954
-0.203738   4.53117e-06   -0.127644
-0.458536   0.142496   -0.339933
0.401294   -0.453695   -0.496183
-0.0667417   -0.163814   0.0833673
-0.221239   -0.0271691   0.123647
-0.0949102   0.0691712   -0.396164
0.133674   0.227406   -0.199989
-0.0490195   0.0738851   0.333744
-0.0931594   0.375181   -0.400321
-0.275692   -0.0222384   -0.0873852
-0.282834   -0.232262   -0.230799
-0.0697239   0.14327   0.158616
-0.0372248   0.302286   -0.057117
0.411579   -0.474577   -0.426052
0.426232   0.20444   0.175724
0.326541   -0.409601   0.10642
-0.345659   0.0445145   -0.496285
-0.152179   0.24532   0.401797
-0.287294   -0.0331081   -0.232173
0.0722044   0.208685   -0.0202248
-0.052713   -0.168156   0.196199
0.34377   0.141889   0.390109
-0.138125   -0.223538   0.490079
-0.00790612   -0.22494   0.224434
-0.19466   -0.254559   -0.169951
0.467462   0.473112   -0.460756
-0.191224   -0.496395   0.318923
0.0841295   -0.415078   -0.308441
0.0778526   -0.224769   0.167604
