-1.1622   -1.31318   1.29965
2.41577   -0.860808   -0.844843
-0.676585   -0.0964186   0.610364
-1.09445   -1.62449   0.398051
-0.914151   1.4401   -1.05761
1.71475   -0.510913   0.0560226
-0.806921   -3.17333   0.613327
-0.904813   -0.64121   0.925619
-0.888202   2.3329   -1.6609
-0.716811   -1.15973   0.890295
0.258529   1.17828   -0.827207
1.19458   -0.670742   0.140655
-1.44235   0.230684   -1.22114
-0.471385   0.208666   -1.5604
-0.0750268   -1.09315   -0.110038
0.590062   1.50331   0.107508
-0.393442   0.0742352   -2.21425
-0.74078   2.50563   -1.65642
0.355028   2.47574   0.172883
-0.0382967   -0.438903   0.83224
0.195289   0.592368   -1.76284
0.971418   -2.14126   1.79139
-1.64094   0.60118   0.889942
0.969375   0.545158   0.483541
-0.00301421   0.322305   -1.09778
0.267276   -0.410975   -1.51261
0.0157478   -0.24656   0.302962
-0.751881   -0.987497   -0.129905
0.337756   -1.07982   -0.113871
-0.743688   -0.419008   0.690254
0.575733   -0.165938   -1.25808
-1.07264   0.357264   -1.23286
0.664536   0.0842625   0.0479623
0.75898   -2.56286   0.708296
1.79486   -0.0714095   -0.176282
1.1116   -0.0208987   -0.0611775
-1.16345   0.823239   1.28973
-1.58851   1.97385   -0.538938
0.625222   -0.813486   1.7757
-2.30627   1.03084   1.11086
-0.341671   0.615862   0.374575
-0.230516   -2.23511   -1.25951
-0.241508   -0.213041   -0.928821
0.220969   -2.36648   -1.26374
-1.23557   -2.03568   0.244109
1.33266   0.88599   -2.22668
-0.286027   -0.310053   1.14345
-1.71794   0.589139   0.824083
0.275561   0.839395   0.208415
1.33213   -0.206491   2.79093
1.84469   1.61548   -0.463645
0.746784   -1.51623   -1.50442
-1.23436   0.211267   0.29512
0.381615   1.94075   -1.35674
-0.213229   -1.92246   0.844076
-0.195645   -0.188942   0.193322
-1.82275   -0.574384   0.914944
-0.437257   0.499387   0.516591
-1.1783   0.37269   -0.625818
-0.485441   -0.657822   -0.634479
1.61057   -1.31512   1.13294
1.36072   -2.07139   -1.96833
-0.269575   -1.85946   0.624885
0.410504   1.58144   -0.55321
2.10016   0.345347   -0.202225
-0.44305   0.714945   0.866917
-0.554846   -0.0414069   0.869479
0.404292   0.235472   1.22104
-0.905327   -0.300135   0.16424
0.23643   -1.63697   0.127336
1.68321   1.74749   -0.296633
-0.273572   -2.16277   0.301766
1.46208   -0.230647   -0.174598
-0.866136   -1.78268   -0.468087
0.141737   1.14997   -0.0838164
1.42617   0.615169   1.17674
0.178914   0.161598   -0.261764
-0.296628   -0.51522   0.673094
1.59483   2.23938   -1.28207
-0.0190879   1.52911   0.692669
-0.523209   -0.0916122   0.405793
-0.378422   0.137681   0.0577399
2.9907   0.06978   -0.421852
-1.13476   -0.0140412   -1.7209
-0.666294   -0.495525   1.65582
-1.50307   1.55488   0.958148
1.45067   0.911965   0.826196
0.667429   1.4056   -0.453032
-3.16712   0.844458   0.586659
1.75437   0.994782   0.257333
-1.07408   -0.5783   1.84376
-1.20066   -0.0705402   -1.4619
-0.531336   0.165193   -0.756633
0.452249   0.822216   0.5847
-0.279373   0.893324   -0.0190305
-0.154389   -1.24952   1.03579
-1.05351   -0.413342   -1.41046
1.09956   0.153302   -0.453843
1.44093   -0.405126   0.478299
1.09704   1.69651   0.470066
1.00753   -0.763581   1.52105
-0.916942   -2.02546   0.580082
-0.458326   -0.385505   -0.65546
0.015941   -0.444707   1.02916
0.00889594   2.25433   -1.83105
-0.292295   1.06273   0.43356
-0.357131   0.304196   -0.853063
0.989276   2.1415   0.566868
